[02:23:40.622] Log Level: 2
[02:23:40.623] remote-ssh@0.78.0
[02:23:40.623] linux x64
[02:23:40.624] SSH Resolver called for "ssh-remote+cdna-delivers-dans-shape.trycloudflare.com", attempt 1
[02:23:40.625] "remote.SSH.useLocalServer": true
[02:23:40.625] "remote.SSH.path": undefined
[02:23:40.625] "remote.SSH.configFile": undefined
[02:23:40.625] "remote.SSH.useFlock": true
[02:23:40.625] "remote.SSH.lockfilesInTmp": false
[02:23:40.625] "remote.SSH.localServerDownload": auto
[02:23:40.626] "remote.SSH.remoteServerListenOnSocket": false
[02:23:40.626] "remote.SSH.showLoginTerminal": false
[02:23:40.626] "remote.SSH.defaultExtensions": []
[02:23:40.626] "remote.SSH.loglevel": 2
[02:23:40.626] "remote.SSH.enableDynamicForwarding": true
[02:23:40.626] "remote.SSH.enableRemoteCommand": false
[02:23:40.626] "remote.SSH.serverPickPortsFromRange": {}
[02:23:40.626] "remote.SSH.serverInstallPath": {}
[02:23:40.634] SSH Resolver called for host: cdna-delivers-dans-shape.trycloudflare.com
[02:23:40.635] Setting up SSH remote "cdna-delivers-dans-shape.trycloudflare.com"
[02:23:40.641] Acquiring local install lock: /tmp/vscode-remote-ssh-e610d260-install.lock
[02:23:40.648] Looking for existing server data file at /var/home/iaacornus/.config/Code/User/globalStorage/ms-vscode-remote.remote-ssh/vscode-ssh-host-e610d260-dfd34e8260c270da74b5c2d86d61aee4b6d56977-0.78.0/data.json
[02:23:40.649] Using commit id "dfd34e8260c270da74b5c2d86d61aee4b6d56977" and quality "stable" for server
[02:23:40.652] Install and start server if needed
[02:23:40.655] PATH: /usr/local/sbin:/usr/local/bin:/usr/sbin:/usr/bin:/sbin:/bin
[02:23:40.656] Checking ssh with "ssh -V"
[02:23:40.665] > OpenSSH_8.7p1, OpenSSL 1.1.1n  FIPS 15 Mar 2022

[02:23:40.672] askpass server listening on /run/user/1000/vscode-ssh-askpass-55309d0272cf91af8dbf91c7540b87db98a15774.sock
[02:23:40.673] Spawning local server with {"serverId":1,"ipcHandlePath":"/run/user/1000/vscode-ssh-askpass-221bfb606f691af812b787a408b505697c37fc6b.sock","sshCommand":"ssh","sshArgs":["-v","-T","-D","39829","-o","ConnectTimeout=15","cdna-delivers-dans-shape.trycloudflare.com"],"serverDataFolderName":".vscode-server","dataFilePath":"/var/home/iaacornus/.config/Code/User/globalStorage/ms-vscode-remote.remote-ssh/vscode-ssh-host-e610d260-dfd34e8260c270da74b5c2d86d61aee4b6d56977-0.78.0/data.json"}
[02:23:40.673] Local server env: {"SSH_AUTH_SOCK":"/run/user/1000/keyring/ssh","SHELL":"/bin/bash","DISPLAY":":0","ELECTRON_RUN_AS_NODE":"1","SSH_ASKPASS":"/var/home/iaacornus/.vscode/extensions/ms-vscode-remote.remote-ssh-0.78.0/out/local-server/askpass.sh","VSCODE_SSH_ASKPASS_NODE":"/usr/share/code/code","VSCODE_SSH_ASKPASS_EXTRA_ARGS":"--ms-enable-electron-run-as-node","VSCODE_SSH_ASKPASS_MAIN":"/var/home/iaacornus/.vscode/extensions/ms-vscode-remote.remote-ssh-0.78.0/out/askpass-main.js","VSCODE_SSH_ASKPASS_HANDLE":"/run/user/1000/vscode-ssh-askpass-55309d0272cf91af8dbf91c7540b87db98a15774.sock"}
[02:23:40.676] Spawned 22300
[02:23:40.784] > local-server-1> Spawned ssh, pid=22308
[02:23:40.786] stderr> OpenSSH_8.7p1, OpenSSL 1.1.1n  FIPS 15 Mar 2022
[02:23:41.151] stderr> debug1: Server host key: ssh-ed25519 SHA256:M7UJk8y+b3S/Vsjwq2Zk6ynNSEJAJf7U4xLmvkoaV8Y
[02:23:41.254] Got askpass request: {"request":"The authenticity of host 'cdna-delivers-dans-shape.trycloudflare.com (<no hostip for proxy command>)' can't be established. ED25519 key fingerprint is SHA256:M7UJk8y+b3S/Vsjwq2Zk6ynNSEJAJf7U4xLmvkoaV8Y. This key is not known by any other names Are you sure you want to continue connecting (yes/no/[fingerprint])?"}
[02:23:41.255] Detected fingerprint confirmation message
[02:23:41.255] Showing fingerprint confirmation dialog
[02:23:41.257] Listening for interwindow password on /run/user/1000/vscode-ssh-askpass-a1572a2656edec7538e396b8dafa48089193b1e2.sock
[02:23:41.257] Writing password prompt to globalState
[02:23:43.237] Got fingerprint response: yes
[02:23:43.237] Interactor gave response: yes
[02:23:43.239] Cleaning up other-window auth server
[02:23:43.267] stderr> Warning: Permanently added 'cdna-delivers-dans-shape.trycloudflare.com' (ED25519) to the list of known hosts.
[02:23:43.576] Got askpass request: {"request":"root@cdna-delivers-dans-shape.trycloudflare.com's password:"}
[02:23:43.577] Showing password prompt
[02:23:43.577] Listening for interwindow password on /run/user/1000/vscode-ssh-askpass-836fe728a0fab7971b8228b28a0d1fe8850b8d59.sock
[02:23:43.577] Writing password prompt to globalState
[02:23:56.099] Got password response
[02:23:56.099] Interactor gave response: **********
[02:23:56.100] Cleaning up other-window auth server
[02:23:56.188] stderr> Authenticated to cdna-delivers-dans-shape.trycloudflare.com (via proxy) using "password".
[02:23:56.270] stderr> Learned new hostkey: RSA SHA256:liNQNB35PXXPF1qilOPn3G4lWCfStErH0yc97He+5Js
[02:23:56.270] stderr> Learned new hostkey: ECDSA SHA256:nFjFm0PAr6WuIRj5RIWK4c1pZUU02eaJu6fbaYhb5FQ
[02:23:56.271] stderr> Adding new key for cdna-delivers-dans-shape.trycloudflare.com to /var/home/iaacornus/.ssh/known_hosts: ssh-rsa SHA256:liNQNB35PXXPF1qilOPn3G4lWCfStErH0yc97He+5Js
[02:23:56.271] stderr> Adding new key for cdna-delivers-dans-shape.trycloudflare.com to /var/home/iaacornus/.ssh/known_hosts: ecdsa-sha2-nistp256 SHA256:nFjFm0PAr6WuIRj5RIWK4c1pZUU02eaJu6fbaYhb5FQ
[02:23:56.319] > Welcome to Ubuntu 18.04.5 LTS (GNU/Linux 5.4.144+ x86_64)
> 
>  * Documentation:  https://help.ubuntu.com
>  * Management:     https://landscape.canonical.com
>  * Support:        https://ubuntu.com/advantage
> This system has been minimized by removing packages and content that are
> not required on a system that users do not log into.
> 
> To restore this content, you can run the 'unminimize' command.
> 
> The programs included with the Ubuntu system are free software;
> the exact distribution terms for each program are described in the
> individual files in /usr/share/doc/*/copyright.
> 
> Ubuntu comes with ABSOLUTELY NO WARRANTY, to the extent permitted by
> applicable law.
[02:23:56.329] stderr> mesg: 
[02:23:56.349] stderr> ttyname failed: Inappropriate ioctl for device
[02:23:56.380] > ready: 4527fffd62c6
[02:23:56.443] > Linux 5.4.144+ #1 SMP Tue Dec 7 09:58:10 PST 2021
[02:23:56.444] Platform: linux
[02:23:56.515] > /bin/bash
[02:23:56.516] Shell: bash
[02:23:56.516] Creating bash subshell inside "bash"
[02:23:56.582] > bash version:  4.4.20(1)-release
[02:23:56.638] > bash version:  4.4.20(1)-release
[02:23:56.675] > 4527fffd62c6: running
[02:23:56.729] > Acquiring lock on /root/.vscode-server/bin/dfd34e8260c270da74b5c2d86d61aee4b6d56977/vscode-remote-lock.root.dfd34e8260c270da74b5c2d86d61aee4b6d56977
[02:23:56.736] > Installing to /root/.vscode-server/bin/dfd34e8260c270da74b5c2d86d61aee4b6d56977...
[02:23:56.738] > 4527fffd62c6%%1%%
[02:23:56.744] > Downloading with wget
[02:23:57.599] > Download complete
[02:23:57.601] > 4527fffd62c6%%2%%
> tar --version:
> tar (GNU tar) 1.29
> Copyright (C) 2015 Free Software Foundation, Inc.
> License GPLv3+: GNU GPL version 3 or later <http://gnu.org/licenses/gpl.html>.
> This is free software: you are free to change and redistribute it.
> There is NO WARRANTY, to the extent permitted by law.
> 
> Written by John Gilmore and Jay Fenlason.
[02:24:00.057] > Checking /root/.vscode-server/.dfd34e8260c270da74b5c2d86d61aee4b6d56977.log and /root/.vscode-server/.dfd34e8260c270da74b5c2d86d61aee4b6d56977.pid for a running server
> Starting server with command... /root/.vscode-server/bin/dfd34e8260c270da74b5c2d86d61aee4b6d56977/bin/code-server --start-server --host=127.0.0.1 --accept-server-license-terms --enable-remote-auto-shutdown --port=0 --telemetry-level off   &> "/root/.vscode-server/.dfd34e8260c270da74b5c2d86d61aee4b6d56977.log" < /dev/null
> printenv:
>     LD_LIBRARY_PATH=/usr/lib64-nvidia
>     SSH_CONNECTION=127.0.0.1 36316 127.0.0.1 22
>     LANG=en_US.UTF-8
>     USER=root
>     TF_FORCE_GPU_ALLOW_GROWTH=true
>     PWD=/root
>     HOME=/root
>     SSH_CLIENT=127.0.0.1 36316 22
>     MAIL=/var/mail/root
>     TBE_CREDS_ADDR=172.28.0.1:8008
>     SHELL=/bin/bash
>     SHLVL=2
>     VSCODE_AGENT_FOLDER=/root/.vscode-server
>     LOGNAME=root
>     COLAB_GPU=1
>     PATH=/usr/local/sbin:/usr/local/bin:/usr/sbin:/usr/bin:/sbin:/bin:/usr/games:/usr/local/games:/snap/bin
>     _=/usr/bin/printenv
>     OLDPWD=/root/.vscode-server/bin/dfd34e8260c270da74b5c2d86d61aee4b6d56977
[02:24:00.059] > Spawned remote server: 1691
> Waiting for server log...
[02:24:00.060] stderr> rm: cannot remove '/root/.vscode-server/.dfd34e8260c270da74b5c2d86d61aee4b6d56977.token': No such file or directory
[02:24:00.113] > Waiting for server log...
[02:24:00.210] >  
> *
> * Reminder: You may only use this software with Visual Studio family products,
> * as described in the license (https://go.microsoft.com/fwlink/?linkid=2077057)
> *
>  
[02:24:00.254] > 4527fffd62c6: start
> SSH_AUTH_SOCK====
> DISPLAY====
> webUiAccessToken====
> listeningOn==38047==
> osReleaseId==ubuntu==
> arch==x86_64==
> tmpDir==/tmp==
> platform==linux==
> unpackResult==success==
> didLocalDownload==0==
> downloadTime==793==
> installTime==2463==
> extInstallTime====
> serverStartTime==172==
> connectionToken==aa1a11aa-1111-11aa-11a1-1aa11aaaa11a==
> 4527fffd62c6: end
[02:24:00.255] Received install output: 
SSH_AUTH_SOCK====
DISPLAY====
webUiAccessToken====
listeningOn==38047==
osReleaseId==ubuntu==
arch==x86_64==
tmpDir==/tmp==
platform==linux==
unpackResult==success==
didLocalDownload==0==
downloadTime==793==
installTime==2463==
extInstallTime====
serverStartTime==172==
connectionToken==aa1a11aa-1111-11aa-11a1-1aa11aaaa11a==

[02:24:00.257] Remote server is listening on 38047
[02:24:00.258] Parsed server configuration: {"serverConfiguration":{"remoteListeningOn":{"port":38047},"osReleaseId":"ubuntu","arch":"x86_64","webUiAccessToken":"","sshAuthSock":"","display":"","tmpDir":"/tmp","platform":"linux","connectionToken":"aa1a11aa-1111-11aa-11a1-1aa11aaaa11a"},"downloadTime":793,"installTime":2463,"serverStartTime":172,"installUnpackCode":"success"}
[02:24:00.262] Persisting server connection details to /var/home/iaacornus/.config/Code/User/globalStorage/ms-vscode-remote.remote-ssh/vscode-ssh-host-e610d260-dfd34e8260c270da74b5c2d86d61aee4b6d56977-0.78.0/data.json
[02:24:00.272] Starting forwarding server. localPort 37071 -> socksPort 39829 -> remotePort 38047
[02:24:00.273] Forwarding server listening on 37071
[02:24:00.273] Waiting for ssh tunnel to be ready
[02:24:00.276] [Forwarding server 37071] Got connection 0
[02:24:00.279] Tunneled 38047 to local port 37071
[02:24:00.279] Resolved "ssh-remote+cdna-delivers-dans-shape.trycloudflare.com" to "127.0.0.1:37071"
[02:24:00.293] ------




[02:24:00.306] [Forwarding server 37071] Got connection 1
[02:24:00.541] [Forwarding server 37071] Got connection 2
