[02:23:24.709] Log Level: 2
[02:23:24.711] remote-ssh@0.78.0
[02:23:24.711] linux x64
[02:23:24.713] SSH Resolver called for "ssh-remote+cdna-delivers-dans-shape.trycloudflare.com", attempt 1
[02:23:24.713] "remote.SSH.useLocalServer": true
[02:23:24.714] "remote.SSH.path": undefined
[02:23:24.714] "remote.SSH.configFile": undefined
[02:23:24.714] "remote.SSH.useFlock": true
[02:23:24.715] "remote.SSH.lockfilesInTmp": false
[02:23:24.715] "remote.SSH.localServerDownload": auto
[02:23:24.715] "remote.SSH.remoteServerListenOnSocket": false
[02:23:24.715] "remote.SSH.showLoginTerminal": false
[02:23:24.716] "remote.SSH.defaultExtensions": []
[02:23:24.716] "remote.SSH.loglevel": 2
[02:23:24.716] "remote.SSH.enableDynamicForwarding": true
[02:23:24.717] "remote.SSH.enableRemoteCommand": false
[02:23:24.717] "remote.SSH.serverPickPortsFromRange": {}
[02:23:24.717] "remote.SSH.serverInstallPath": {}
[02:23:24.728] SSH Resolver called for host: cdna-delivers-dans-shape.trycloudflare.com
[02:23:24.728] Setting up SSH remote "cdna-delivers-dans-shape.trycloudflare.com"
[02:23:24.731] Acquiring local install lock: /tmp/vscode-remote-ssh-e610d260-install.lock
[02:23:24.733] Looking for existing server data file at /var/home/iaacornus/.config/Code/User/globalStorage/ms-vscode-remote.remote-ssh/vscode-ssh-host-e610d260-dfd34e8260c270da74b5c2d86d61aee4b6d56977-0.78.0/data.json
[02:23:24.734] Using commit id "dfd34e8260c270da74b5c2d86d61aee4b6d56977" and quality "stable" for server
[02:23:24.737] Install and start server if needed
[02:23:24.741] PATH: /usr/local/sbin:/usr/local/bin:/usr/sbin:/usr/bin:/sbin:/bin
[02:23:24.741] Checking ssh with "ssh -V"
[02:23:24.747] > OpenSSH_8.7p1, OpenSSL 1.1.1n  FIPS 15 Mar 2022

[02:23:24.750] askpass server listening on /run/user/1000/vscode-ssh-askpass-62f500fd80791f3e06a06c34bc3f1bb8c2574464.sock
[02:23:24.750] Spawning local server with {"serverId":1,"ipcHandlePath":"/run/user/1000/vscode-ssh-askpass-ceae6f056f124ce5d73d567c353431639f7f3c2a.sock","sshCommand":"ssh","sshArgs":["-v","-T","-D","41459","-o","ConnectTimeout=15","cdna-delivers-dans-shape.trycloudflare.com"],"serverDataFolderName":".vscode-server","dataFilePath":"/var/home/iaacornus/.config/Code/User/globalStorage/ms-vscode-remote.remote-ssh/vscode-ssh-host-e610d260-dfd34e8260c270da74b5c2d86d61aee4b6d56977-0.78.0/data.json"}
[02:23:24.750] Local server env: {"SSH_AUTH_SOCK":"/run/user/1000/keyring/ssh","SHELL":"/bin/bash","DISPLAY":":0","ELECTRON_RUN_AS_NODE":"1","SSH_ASKPASS":"/var/home/iaacornus/.vscode/extensions/ms-vscode-remote.remote-ssh-0.78.0/out/local-server/askpass.sh","VSCODE_SSH_ASKPASS_NODE":"/usr/share/code/code","VSCODE_SSH_ASKPASS_EXTRA_ARGS":"--ms-enable-electron-run-as-node","VSCODE_SSH_ASKPASS_MAIN":"/var/home/iaacornus/.vscode/extensions/ms-vscode-remote.remote-ssh-0.78.0/out/askpass-main.js","VSCODE_SSH_ASKPASS_HANDLE":"/run/user/1000/vscode-ssh-askpass-62f500fd80791f3e06a06c34bc3f1bb8c2574464.sock"}
[02:23:24.754] Spawned 21589
[02:23:24.857] > local-server-1> Spawned ssh, pid=21597
[02:23:24.860] stderr> OpenSSH_8.7p1, OpenSSL 1.1.1n  FIPS 15 Mar 2022
[02:23:25.695] stderr> Bad packet length 218783296.
[02:23:25.696] stderr> ssh_dispatch_run_fatal: Connection to UNKNOWN port 65535: message authentication code incorrect
[02:23:25.696] > local-server-1> ssh child died, shutting down
[02:23:25.699] Local server exit: 0
[02:23:25.700] Received install output: local-server-1> Spawned ssh, pid=21597
OpenSSH_8.7p1, OpenSSL 1.1.1n  FIPS 15 Mar 2022
Bad packet length 218783296.
ssh_dispatch_run_fatal: Connection to UNKNOWN port 65535: message authentication code incorrect
local-server-1> ssh child died, shutting down

[02:23:25.700] Failed to parse remote port from server output
[02:23:25.703] Resolver error: Error: 
	at Function.Create (/var/home/iaacornus/.vscode/extensions/ms-vscode-remote.remote-ssh-0.78.0/out/extension.js:1:586041)
	at Object.t.handleInstallOutput (/var/home/iaacornus/.vscode/extensions/ms-vscode-remote.remote-ssh-0.78.0/out/extension.js:1:584693)
	at Object.e [as tryInstallWithLocalServer] (/var/home/iaacornus/.vscode/extensions/ms-vscode-remote.remote-ssh-0.78.0/out/extension.js:1:625125)
	at processTicksAndRejections (node:internal/process/task_queues:96:5)
	at async /var/home/iaacornus/.vscode/extensions/ms-vscode-remote.remote-ssh-0.78.0/out/extension.js:1:644162
	at async Object.t.withShowDetailsEvent (/var/home/iaacornus/.vscode/extensions/ms-vscode-remote.remote-ssh-0.78.0/out/extension.js:1:647909)
	at async /var/home/iaacornus/.vscode/extensions/ms-vscode-remote.remote-ssh-0.78.0/out/extension.js:1:623597
	at async b (/var/home/iaacornus/.vscode/extensions/ms-vscode-remote.remote-ssh-0.78.0/out/extension.js:1:620103)
	at async Object.t.resolveWithLocalServer (/var/home/iaacornus/.vscode/extensions/ms-vscode-remote.remote-ssh-0.78.0/out/extension.js:1:623212)
	at async Object.t.resolve (/var/home/iaacornus/.vscode/extensions/ms-vscode-remote.remote-ssh-0.78.0/out/extension.js:1:645519)
	at async /var/home/iaacornus/.vscode/extensions/ms-vscode-remote.remote-ssh-0.78.0/out/extension.js:1:722950
[02:23:25.706] ------




