[2022-04-28 02:19:42.639] [main] [info] window#load: attempt to load window (id: 1)
[2022-04-28 02:19:42.650] [main] [info] update#setState idle
[2022-04-28 02:19:42.696] [main] [info] ExtensionHostStarterWorker created
[2022-04-28 02:19:43.451] [main] [info] window#load: window reported ready (id: 1)
[2022-04-28 02:19:43.737] [main] [info] Starting extension host with pid 20418 (fork() took 12 ms).
[2022-04-28 02:19:43.737] [main] [info] ExtensionHostStarterWorker.start() took 14 ms.
[2022-04-28 02:20:12.081] [main] [info] window#load: attempt to load window (id: 3)
[2022-04-28 02:20:12.651] [main] [info] update#setState checking for updates
[2022-04-28 02:20:12.719] [main] [info] update#setState idle
[2022-04-28 02:20:12.794] [main] [info] window#load: window reported ready (id: 3)
[2022-04-28 02:20:13.021] [main] [info] Starting extension host with pid 20564 (fork() took 8 ms).
[2022-04-28 02:20:13.022] [main] [info] ExtensionHostStarterWorker.start() took 11 ms.
[2022-04-28 02:21:21.535] [main] [info] Extension host with pid 20564 exited with code: 0, signal: null.
[2022-04-28 02:21:30.375] [main] [info] window#load: attempt to load window (id: 4)
[2022-04-28 02:21:31.152] [main] [info] window#load: window reported ready (id: 4)
[2022-04-28 02:21:31.360] [main] [info] Starting extension host with pid 21037 (fork() took 11 ms).
[2022-04-28 02:21:31.360] [main] [info] ExtensionHostStarterWorker.start() took 12 ms.
[2022-04-28 02:23:02.025] [main] [info] Extension host with pid 21037 exited with code: 0, signal: null.
[2022-04-28 02:23:23.318] [main] [info] window#load: attempt to load window (id: 5)
[2022-04-28 02:23:24.132] [main] [info] window#load: window reported ready (id: 5)
[2022-04-28 02:23:24.353] [main] [info] Starting extension host with pid 21558 (fork() took 14 ms).
[2022-04-28 02:23:24.354] [main] [info] ExtensionHostStarterWorker.start() took 17 ms.
[2022-04-28 02:23:28.062] [main] [info] window#load: attempt to load window (id: 5)
[2022-04-28 02:23:28.076] [main] [info] Extension host with pid 21558 exited with code: 0, signal: null.
[2022-04-28 02:23:28.603] [main] [info] window#load: window reported ready (id: 5)
[2022-04-28 02:23:28.817] [main] [info] Starting extension host with pid 21861 (fork() took 12 ms).
[2022-04-28 02:23:28.817] [main] [info] ExtensionHostStarterWorker.start() took 14 ms.
[2022-04-28 02:23:31.803] [main] [info] Extension host with pid 21861 exited with code: 0, signal: null.
[2022-04-28 02:23:39.285] [main] [info] window#load: attempt to load window (id: 6)
[2022-04-28 02:23:40.062] [main] [info] window#load: window reported ready (id: 6)
[2022-04-28 02:23:40.287] [main] [info] Starting extension host with pid 22275 (fork() took 12 ms).
[2022-04-28 02:23:40.287] [main] [info] ExtensionHostStarterWorker.start() took 13 ms.
[2022-04-28 02:23:59.155] [main] [info] Extension host with pid 20418 exited with code: 0, signal: null.
[2022-04-28 02:24:26.905] [main] [info] window#load: attempt to load window (id: 6)
[2022-04-28 02:24:26.920] [main] [info] Extension host with pid 22275 exited with code: 0, signal: null.
[2022-04-28 02:24:27.571] [main] [info] window#load: window reported ready (id: 6)
[2022-04-28 02:24:27.734] [main] [info] Starting extension host with pid 22403 (fork() took 14 ms).
[2022-04-28 02:24:27.735] [main] [info] ExtensionHostStarterWorker.start() took 21 ms.
[2022-04-28 02:25:25.536] [main] [info] Waiting for extension host with pid 22403 to exit.
[2022-04-28 02:25:25.553] [main] [info] Extension host with pid 22403 exited with code: 0, signal: null.
