[2022-04-28 02:23:24.310] [renderer5] [info] Invoking resolveAuthority(ssh-remote)
[2022-04-28 02:23:24.625] [renderer5] [info] Ignoring configured affinity for 'pub.name' because the extension is unknown or cannot execute.
[2022-04-28 02:23:25.812] [renderer5] [error] resolveAuthority(ssh-remote) returned an error after 1502 ms {"logTelemetry":false,"_message":"","_code":"NotAvailable","_detail":true,"isHandled":true}
[2022-04-28 02:23:25.812] [renderer5] [error] Error received from starting extension host (kind: Remote)
[2022-04-28 02:23:25.812] [renderer5] [error] Error
    at Fl._resolveAuthority (vscode-file://vscode-app/usr/share/code/resources/app/out/vs/workbench/workbench.desktop.main.js:3103:7152)
    at processTicksAndRejections (node:internal/process/task_queues:96:5)
    at async Fl._scanAndHandleExtensions (vscode-file://vscode-app/usr/share/code/resources/app/out/vs/workbench/workbench.desktop.main.js:3103:9159)
    at async Fl._initialize (vscode-file://vscode-app/usr/share/code/resources/app/out/vs/workbench/workbench.desktop.main.js:3100:22392)
[2022-04-28 02:23:25.813] [renderer5] [error] [remote-connection] An error occurred in the very first connect attempt, it will be treated as a permanent error! Error:
[2022-04-28 02:23:25.813] [renderer5] [error] Error
    at Fl._resolveAuthority (vscode-file://vscode-app/usr/share/code/resources/app/out/vs/workbench/workbench.desktop.main.js:3103:7152)
    at processTicksAndRejections (node:internal/process/task_queues:96:5)
    at async Fl._scanAndHandleExtensions (vscode-file://vscode-app/usr/share/code/resources/app/out/vs/workbench/workbench.desktop.main.js:3103:9159)
    at async Fl._initialize (vscode-file://vscode-app/usr/share/code/resources/app/out/vs/workbench/workbench.desktop.main.js:3100:22392)
[2022-04-28 02:23:25.814] [renderer5] [error] Error
    at Fl._resolveAuthority (vscode-file://vscode-app/usr/share/code/resources/app/out/vs/workbench/workbench.desktop.main.js:3103:7152)
    at processTicksAndRejections (node:internal/process/task_queues:96:5)
    at async Fl._scanAndHandleExtensions (vscode-file://vscode-app/usr/share/code/resources/app/out/vs/workbench/workbench.desktop.main.js:3103:9159)
    at async Fl._initialize (vscode-file://vscode-app/usr/share/code/resources/app/out/vs/workbench/workbench.desktop.main.js:3100:22392)
[2022-04-28 02:23:25.817] [renderer5] [error] Cannot register remote filesystem provider. Error while fetching remote environment. Error
[2022-04-28 02:23:25.836] [renderer5] [error] Error
    at Fl._resolveAuthority (vscode-file://vscode-app/usr/share/code/resources/app/out/vs/workbench/workbench.desktop.main.js:3103:7152)
    at processTicksAndRejections (node:internal/process/task_queues:96:5)
    at async Fl._scanAndHandleExtensions (vscode-file://vscode-app/usr/share/code/resources/app/out/vs/workbench/workbench.desktop.main.js:3103:9159)
    at async Fl._initialize (vscode-file://vscode-app/usr/share/code/resources/app/out/vs/workbench/workbench.desktop.main.js:3100:22392)
[2022-04-28 02:23:25.839] [renderer5] [info] Ignoring configured affinity for 'pub.name' because the extension is unknown or cannot execute.
[2022-04-28 02:23:26.019] [renderer5] [error] An unknown error occurred. Please consult the log for more details.: Error
    at Fl._resolveAuthority (vscode-file://vscode-app/usr/share/code/resources/app/out/vs/workbench/workbench.desktop.main.js:3103:7152)
    at processTicksAndRejections (node:internal/process/task_queues:96:5)
    at async Fl._scanAndHandleExtensions (vscode-file://vscode-app/usr/share/code/resources/app/out/vs/workbench/workbench.desktop.main.js:3103:9159)
    at async Fl._initialize (vscode-file://vscode-app/usr/share/code/resources/app/out/vs/workbench/workbench.desktop.main.js:3100:22392)
[2022-04-28 02:23:26.705] [renderer5] [error] Error
    at Fl._resolveAuthority (vscode-file://vscode-app/usr/share/code/resources/app/out/vs/workbench/workbench.desktop.main.js:3103:7152)
    at processTicksAndRejections (node:internal/process/task_queues:96:5)
    at async Fl._scanAndHandleExtensions (vscode-file://vscode-app/usr/share/code/resources/app/out/vs/workbench/workbench.desktop.main.js:3103:9159)
    at async Fl._initialize (vscode-file://vscode-app/usr/share/code/resources/app/out/vs/workbench/workbench.desktop.main.js:3100:22392)
[2022-04-28 02:23:26.798] [renderer5] [error] Error
    at Fl._resolveAuthority (vscode-file://vscode-app/usr/share/code/resources/app/out/vs/workbench/workbench.desktop.main.js:3103:7152)
    at processTicksAndRejections (node:internal/process/task_queues:96:5)
    at async Fl._scanAndHandleExtensions (vscode-file://vscode-app/usr/share/code/resources/app/out/vs/workbench/workbench.desktop.main.js:3103:9159)
    at async Fl._initialize (vscode-file://vscode-app/usr/share/code/resources/app/out/vs/workbench/workbench.desktop.main.js:3100:22392)
[2022-04-28 02:23:28.785] [renderer5] [info] Invoking resolveAuthority(ssh-remote)
[2022-04-28 02:23:29.108] [renderer5] [info] Ignoring configured affinity for 'pub.name' because the extension is unknown or cannot execute.
[2022-04-28 02:23:30.113] [renderer5] [error] resolveAuthority(ssh-remote) returned an error after 1329 ms {"logTelemetry":false,"_message":"","_code":"NotAvailable","_detail":true,"isHandled":true}
[2022-04-28 02:23:30.114] [renderer5] [error] Error received from starting extension host (kind: Remote)
[2022-04-28 02:23:30.114] [renderer5] [error] Error
    at Fl._resolveAuthority (vscode-file://vscode-app/usr/share/code/resources/app/out/vs/workbench/workbench.desktop.main.js:3103:7152)
    at processTicksAndRejections (node:internal/process/task_queues:96:5)
    at async Fl._scanAndHandleExtensions (vscode-file://vscode-app/usr/share/code/resources/app/out/vs/workbench/workbench.desktop.main.js:3103:9159)
    at async Fl._initialize (vscode-file://vscode-app/usr/share/code/resources/app/out/vs/workbench/workbench.desktop.main.js:3100:22392)
[2022-04-28 02:23:30.115] [renderer5] [error] [remote-connection] An error occurred in the very first connect attempt, it will be treated as a permanent error! Error:
[2022-04-28 02:23:30.115] [renderer5] [error] Error
    at Fl._resolveAuthority (vscode-file://vscode-app/usr/share/code/resources/app/out/vs/workbench/workbench.desktop.main.js:3103:7152)
    at processTicksAndRejections (node:internal/process/task_queues:96:5)
    at async Fl._scanAndHandleExtensions (vscode-file://vscode-app/usr/share/code/resources/app/out/vs/workbench/workbench.desktop.main.js:3103:9159)
    at async Fl._initialize (vscode-file://vscode-app/usr/share/code/resources/app/out/vs/workbench/workbench.desktop.main.js:3100:22392)
[2022-04-28 02:23:30.115] [renderer5] [error] Error
    at Fl._resolveAuthority (vscode-file://vscode-app/usr/share/code/resources/app/out/vs/workbench/workbench.desktop.main.js:3103:7152)
    at processTicksAndRejections (node:internal/process/task_queues:96:5)
    at async Fl._scanAndHandleExtensions (vscode-file://vscode-app/usr/share/code/resources/app/out/vs/workbench/workbench.desktop.main.js:3103:9159)
    at async Fl._initialize (vscode-file://vscode-app/usr/share/code/resources/app/out/vs/workbench/workbench.desktop.main.js:3100:22392)
[2022-04-28 02:23:30.118] [renderer5] [error] Cannot register remote filesystem provider. Error while fetching remote environment. Error
[2022-04-28 02:23:30.209] [renderer5] [error] Error
    at Fl._resolveAuthority (vscode-file://vscode-app/usr/share/code/resources/app/out/vs/workbench/workbench.desktop.main.js:3103:7152)
    at processTicksAndRejections (node:internal/process/task_queues:96:5)
    at async Fl._scanAndHandleExtensions (vscode-file://vscode-app/usr/share/code/resources/app/out/vs/workbench/workbench.desktop.main.js:3103:9159)
    at async Fl._initialize (vscode-file://vscode-app/usr/share/code/resources/app/out/vs/workbench/workbench.desktop.main.js:3100:22392)
[2022-04-28 02:23:30.211] [renderer5] [info] Ignoring configured affinity for 'pub.name' because the extension is unknown or cannot execute.
[2022-04-28 02:23:30.452] [renderer5] [error] An unknown error occurred. Please consult the log for more details.: Error
    at Fl._resolveAuthority (vscode-file://vscode-app/usr/share/code/resources/app/out/vs/workbench/workbench.desktop.main.js:3103:7152)
    at processTicksAndRejections (node:internal/process/task_queues:96:5)
    at async Fl._scanAndHandleExtensions (vscode-file://vscode-app/usr/share/code/resources/app/out/vs/workbench/workbench.desktop.main.js:3103:9159)
    at async Fl._initialize (vscode-file://vscode-app/usr/share/code/resources/app/out/vs/workbench/workbench.desktop.main.js:3100:22392)
[2022-04-28 02:23:31.215] [renderer5] [error] Error
    at Fl._resolveAuthority (vscode-file://vscode-app/usr/share/code/resources/app/out/vs/workbench/workbench.desktop.main.js:3103:7152)
    at processTicksAndRejections (node:internal/process/task_queues:96:5)
    at async Fl._scanAndHandleExtensions (vscode-file://vscode-app/usr/share/code/resources/app/out/vs/workbench/workbench.desktop.main.js:3103:9159)
    at async Fl._initialize (vscode-file://vscode-app/usr/share/code/resources/app/out/vs/workbench/workbench.desktop.main.js:3100:22392)
[2022-04-28 02:23:31.291] [renderer5] [error] Error
    at Fl._resolveAuthority (vscode-file://vscode-app/usr/share/code/resources/app/out/vs/workbench/workbench.desktop.main.js:3103:7152)
    at processTicksAndRejections (node:internal/process/task_queues:96:5)
    at async Fl._scanAndHandleExtensions (vscode-file://vscode-app/usr/share/code/resources/app/out/vs/workbench/workbench.desktop.main.js:3103:9159)
    at async Fl._initialize (vscode-file://vscode-app/usr/share/code/resources/app/out/vs/workbench/workbench.desktop.main.js:3100:22392)
[2022-04-28 02:23:31.737] [renderer5] [error] An unknown error occurred. Please consult the log for more details.: Error
    at Fl._resolveAuthority (vscode-file://vscode-app/usr/share/code/resources/app/out/vs/workbench/workbench.desktop.main.js:3103:7152)
    at processTicksAndRejections (node:internal/process/task_queues:96:5)
    at async Fl._scanAndHandleExtensions (vscode-file://vscode-app/usr/share/code/resources/app/out/vs/workbench/workbench.desktop.main.js:3103:9159)
    at async Fl._initialize (vscode-file://vscode-app/usr/share/code/resources/app/out/vs/workbench/workbench.desktop.main.js:3100:22392)
