[2022-04-28 02:21:31.285] [renderer4] [info] Invoking resolveAuthority(ssh-remote)
[2022-04-28 02:21:31.635] [renderer4] [info] Ignoring configured affinity for 'pub.name' because the extension is unknown or cannot execute.
[2022-04-28 02:21:31.980] [renderer4] [error] resolveAuthority(ssh-remote) returned an error after 695 ms {"logTelemetry":false,"_message":"","_code":"NotAvailable","_detail":true,"isHandled":true}
[2022-04-28 02:21:31.981] [renderer4] [error] Error received from starting extension host (kind: Remote)
[2022-04-28 02:21:31.981] [renderer4] [error] Error
    at Fl._resolveAuthority (vscode-file://vscode-app/usr/share/code/resources/app/out/vs/workbench/workbench.desktop.main.js:3103:7152)
    at processTicksAndRejections (node:internal/process/task_queues:96:5)
    at async Fl._scanAndHandleExtensions (vscode-file://vscode-app/usr/share/code/resources/app/out/vs/workbench/workbench.desktop.main.js:3103:9159)
    at async Fl._initialize (vscode-file://vscode-app/usr/share/code/resources/app/out/vs/workbench/workbench.desktop.main.js:3100:22392)
[2022-04-28 02:21:31.981] [renderer4] [error] [remote-connection] An error occurred in the very first connect attempt, it will be treated as a permanent error! Error:
[2022-04-28 02:21:31.981] [renderer4] [error] Error
    at Fl._resolveAuthority (vscode-file://vscode-app/usr/share/code/resources/app/out/vs/workbench/workbench.desktop.main.js:3103:7152)
    at processTicksAndRejections (node:internal/process/task_queues:96:5)
    at async Fl._scanAndHandleExtensions (vscode-file://vscode-app/usr/share/code/resources/app/out/vs/workbench/workbench.desktop.main.js:3103:9159)
    at async Fl._initialize (vscode-file://vscode-app/usr/share/code/resources/app/out/vs/workbench/workbench.desktop.main.js:3100:22392)
[2022-04-28 02:21:31.985] [renderer4] [error] Error
    at Fl._resolveAuthority (vscode-file://vscode-app/usr/share/code/resources/app/out/vs/workbench/workbench.desktop.main.js:3103:7152)
    at processTicksAndRejections (node:internal/process/task_queues:96:5)
    at async Fl._scanAndHandleExtensions (vscode-file://vscode-app/usr/share/code/resources/app/out/vs/workbench/workbench.desktop.main.js:3103:9159)
    at async Fl._initialize (vscode-file://vscode-app/usr/share/code/resources/app/out/vs/workbench/workbench.desktop.main.js:3100:22392)
[2022-04-28 02:21:31.987] [renderer4] [error] Cannot register remote filesystem provider. Error while fetching remote environment. Error
[2022-04-28 02:21:32.002] [renderer4] [error] Error
    at Fl._resolveAuthority (vscode-file://vscode-app/usr/share/code/resources/app/out/vs/workbench/workbench.desktop.main.js:3103:7152)
    at processTicksAndRejections (node:internal/process/task_queues:96:5)
    at async Fl._scanAndHandleExtensions (vscode-file://vscode-app/usr/share/code/resources/app/out/vs/workbench/workbench.desktop.main.js:3103:9159)
    at async Fl._initialize (vscode-file://vscode-app/usr/share/code/resources/app/out/vs/workbench/workbench.desktop.main.js:3100:22392)
[2022-04-28 02:21:32.004] [renderer4] [info] Ignoring configured affinity for 'pub.name' because the extension is unknown or cannot execute.
[2022-04-28 02:21:32.176] [renderer4] [error] An unknown error occurred. Please consult the log for more details.: Error
    at Fl._resolveAuthority (vscode-file://vscode-app/usr/share/code/resources/app/out/vs/workbench/workbench.desktop.main.js:3103:7152)
    at processTicksAndRejections (node:internal/process/task_queues:96:5)
    at async Fl._scanAndHandleExtensions (vscode-file://vscode-app/usr/share/code/resources/app/out/vs/workbench/workbench.desktop.main.js:3103:9159)
    at async Fl._initialize (vscode-file://vscode-app/usr/share/code/resources/app/out/vs/workbench/workbench.desktop.main.js:3100:22392)
[2022-04-28 02:21:33.735] [renderer4] [error] Error
    at Fl._resolveAuthority (vscode-file://vscode-app/usr/share/code/resources/app/out/vs/workbench/workbench.desktop.main.js:3103:7152)
    at processTicksAndRejections (node:internal/process/task_queues:96:5)
    at async Fl._scanAndHandleExtensions (vscode-file://vscode-app/usr/share/code/resources/app/out/vs/workbench/workbench.desktop.main.js:3103:9159)
    at async Fl._initialize (vscode-file://vscode-app/usr/share/code/resources/app/out/vs/workbench/workbench.desktop.main.js:3100:22392)
[2022-04-28 02:21:33.742] [renderer4] [error] An unknown error occurred. Please consult the log for more details.: Error
    at Fl._resolveAuthority (vscode-file://vscode-app/usr/share/code/resources/app/out/vs/workbench/workbench.desktop.main.js:3103:7152)
    at processTicksAndRejections (node:internal/process/task_queues:96:5)
    at async Fl._scanAndHandleExtensions (vscode-file://vscode-app/usr/share/code/resources/app/out/vs/workbench/workbench.desktop.main.js:3103:9159)
    at async Fl._initialize (vscode-file://vscode-app/usr/share/code/resources/app/out/vs/workbench/workbench.desktop.main.js:3100:22392)
[2022-04-28 02:21:33.783] [renderer4] [error] Error
    at Fl._resolveAuthority (vscode-file://vscode-app/usr/share/code/resources/app/out/vs/workbench/workbench.desktop.main.js:3103:7152)
    at processTicksAndRejections (node:internal/process/task_queues:96:5)
    at async Fl._scanAndHandleExtensions (vscode-file://vscode-app/usr/share/code/resources/app/out/vs/workbench/workbench.desktop.main.js:3103:9159)
    at async Fl._initialize (vscode-file://vscode-app/usr/share/code/resources/app/out/vs/workbench/workbench.desktop.main.js:3100:22392)
[2022-04-28 02:21:36.281] [renderer4] [error] An unknown error occurred. Please consult the log for more details.: Error
    at Fl._resolveAuthority (vscode-file://vscode-app/usr/share/code/resources/app/out/vs/workbench/workbench.desktop.main.js:3103:7152)
    at processTicksAndRejections (node:internal/process/task_queues:96:5)
    at async Fl._scanAndHandleExtensions (vscode-file://vscode-app/usr/share/code/resources/app/out/vs/workbench/workbench.desktop.main.js:3103:9159)
    at async Fl._initialize (vscode-file://vscode-app/usr/share/code/resources/app/out/vs/workbench/workbench.desktop.main.js:3100:22392)
[2022-04-28 02:21:38.281] [renderer4] [error] An unknown error occurred. Please consult the log for more details.: Error
    at Fl._resolveAuthority (vscode-file://vscode-app/usr/share/code/resources/app/out/vs/workbench/workbench.desktop.main.js:3103:7152)
    at processTicksAndRejections (node:internal/process/task_queues:96:5)
    at async Fl._scanAndHandleExtensions (vscode-file://vscode-app/usr/share/code/resources/app/out/vs/workbench/workbench.desktop.main.js:3103:9159)
    at async Fl._initialize (vscode-file://vscode-app/usr/share/code/resources/app/out/vs/workbench/workbench.desktop.main.js:3100:22392)
[2022-04-28 02:23:01.993] [renderer4] [error] An unknown error occurred. Please consult the log for more details.: Error
    at Fl._resolveAuthority (vscode-file://vscode-app/usr/share/code/resources/app/out/vs/workbench/workbench.desktop.main.js:3103:7152)
    at processTicksAndRejections (node:internal/process/task_queues:96:5)
    at async Fl._scanAndHandleExtensions (vscode-file://vscode-app/usr/share/code/resources/app/out/vs/workbench/workbench.desktop.main.js:3103:9159)
    at async Fl._initialize (vscode-file://vscode-app/usr/share/code/resources/app/out/vs/workbench/workbench.desktop.main.js:3100:22392)
