[2022-04-28 02:20:12.979] [renderer3] [info] Invoking resolveAuthority(ssh-remote)
[2022-04-28 02:20:13.318] [renderer3] [info] Ignoring configured affinity for 'pub.name' because the extension is unknown or cannot execute.
[2022-04-28 02:20:13.661] [renderer3] [error] resolveAuthority(ssh-remote) returned an error after 682 ms {"logTelemetry":false,"_message":"","_code":"NotAvailable","_detail":true,"isHandled":true}
[2022-04-28 02:20:13.661] [renderer3] [error] Error received from starting extension host (kind: Remote)
[2022-04-28 02:20:13.662] [renderer3] [error] Error
    at Fl._resolveAuthority (vscode-file://vscode-app/usr/share/code/resources/app/out/vs/workbench/workbench.desktop.main.js:3103:7152)
    at processTicksAndRejections (node:internal/process/task_queues:96:5)
    at async Fl._scanAndHandleExtensions (vscode-file://vscode-app/usr/share/code/resources/app/out/vs/workbench/workbench.desktop.main.js:3103:9159)
    at async Fl._initialize (vscode-file://vscode-app/usr/share/code/resources/app/out/vs/workbench/workbench.desktop.main.js:3100:22392)
[2022-04-28 02:20:13.662] [renderer3] [error] [remote-connection] An error occurred in the very first connect attempt, it will be treated as a permanent error! Error:
[2022-04-28 02:20:13.662] [renderer3] [error] Error
    at Fl._resolveAuthority (vscode-file://vscode-app/usr/share/code/resources/app/out/vs/workbench/workbench.desktop.main.js:3103:7152)
    at processTicksAndRejections (node:internal/process/task_queues:96:5)
    at async Fl._scanAndHandleExtensions (vscode-file://vscode-app/usr/share/code/resources/app/out/vs/workbench/workbench.desktop.main.js:3103:9159)
    at async Fl._initialize (vscode-file://vscode-app/usr/share/code/resources/app/out/vs/workbench/workbench.desktop.main.js:3100:22392)
[2022-04-28 02:20:13.663] [renderer3] [error] Error
    at Fl._resolveAuthority (vscode-file://vscode-app/usr/share/code/resources/app/out/vs/workbench/workbench.desktop.main.js:3103:7152)
    at processTicksAndRejections (node:internal/process/task_queues:96:5)
    at async Fl._scanAndHandleExtensions (vscode-file://vscode-app/usr/share/code/resources/app/out/vs/workbench/workbench.desktop.main.js:3103:9159)
    at async Fl._initialize (vscode-file://vscode-app/usr/share/code/resources/app/out/vs/workbench/workbench.desktop.main.js:3100:22392)
[2022-04-28 02:20:13.665] [renderer3] [error] Cannot register remote filesystem provider. Error while fetching remote environment. Error
[2022-04-28 02:20:13.682] [renderer3] [error] Error
    at Fl._resolveAuthority (vscode-file://vscode-app/usr/share/code/resources/app/out/vs/workbench/workbench.desktop.main.js:3103:7152)
    at processTicksAndRejections (node:internal/process/task_queues:96:5)
    at async Fl._scanAndHandleExtensions (vscode-file://vscode-app/usr/share/code/resources/app/out/vs/workbench/workbench.desktop.main.js:3103:9159)
    at async Fl._initialize (vscode-file://vscode-app/usr/share/code/resources/app/out/vs/workbench/workbench.desktop.main.js:3100:22392)
[2022-04-28 02:20:13.684] [renderer3] [info] Ignoring configured affinity for 'pub.name' because the extension is unknown or cannot execute.
[2022-04-28 02:20:13.858] [renderer3] [error] An unknown error occurred. Please consult the log for more details.: Error
    at Fl._resolveAuthority (vscode-file://vscode-app/usr/share/code/resources/app/out/vs/workbench/workbench.desktop.main.js:3103:7152)
    at processTicksAndRejections (node:internal/process/task_queues:96:5)
    at async Fl._scanAndHandleExtensions (vscode-file://vscode-app/usr/share/code/resources/app/out/vs/workbench/workbench.desktop.main.js:3103:9159)
    at async Fl._initialize (vscode-file://vscode-app/usr/share/code/resources/app/out/vs/workbench/workbench.desktop.main.js:3100:22392)
[2022-04-28 02:20:15.396] [renderer3] [error] Error
    at Fl._resolveAuthority (vscode-file://vscode-app/usr/share/code/resources/app/out/vs/workbench/workbench.desktop.main.js:3103:7152)
    at processTicksAndRejections (node:internal/process/task_queues:96:5)
    at async Fl._scanAndHandleExtensions (vscode-file://vscode-app/usr/share/code/resources/app/out/vs/workbench/workbench.desktop.main.js:3103:9159)
    at async Fl._initialize (vscode-file://vscode-app/usr/share/code/resources/app/out/vs/workbench/workbench.desktop.main.js:3100:22392)
[2022-04-28 02:20:15.400] [renderer3] [error] An unknown error occurred. Please consult the log for more details.: Error
    at Fl._resolveAuthority (vscode-file://vscode-app/usr/share/code/resources/app/out/vs/workbench/workbench.desktop.main.js:3103:7152)
    at processTicksAndRejections (node:internal/process/task_queues:96:5)
    at async Fl._scanAndHandleExtensions (vscode-file://vscode-app/usr/share/code/resources/app/out/vs/workbench/workbench.desktop.main.js:3103:9159)
    at async Fl._initialize (vscode-file://vscode-app/usr/share/code/resources/app/out/vs/workbench/workbench.desktop.main.js:3100:22392)
[2022-04-28 02:20:15.475] [renderer3] [error] Error
    at Fl._resolveAuthority (vscode-file://vscode-app/usr/share/code/resources/app/out/vs/workbench/workbench.desktop.main.js:3103:7152)
    at processTicksAndRejections (node:internal/process/task_queues:96:5)
    at async Fl._scanAndHandleExtensions (vscode-file://vscode-app/usr/share/code/resources/app/out/vs/workbench/workbench.desktop.main.js:3103:9159)
    at async Fl._initialize (vscode-file://vscode-app/usr/share/code/resources/app/out/vs/workbench/workbench.desktop.main.js:3100:22392)
[2022-04-28 02:20:17.931] [renderer3] [error] An unknown error occurred. Please consult the log for more details.: Error
    at Fl._resolveAuthority (vscode-file://vscode-app/usr/share/code/resources/app/out/vs/workbench/workbench.desktop.main.js:3103:7152)
    at processTicksAndRejections (node:internal/process/task_queues:96:5)
    at async Fl._scanAndHandleExtensions (vscode-file://vscode-app/usr/share/code/resources/app/out/vs/workbench/workbench.desktop.main.js:3103:9159)
    at async Fl._initialize (vscode-file://vscode-app/usr/share/code/resources/app/out/vs/workbench/workbench.desktop.main.js:3100:22392)
[2022-04-28 02:20:19.932] [renderer3] [error] An unknown error occurred. Please consult the log for more details.: Error
    at Fl._resolveAuthority (vscode-file://vscode-app/usr/share/code/resources/app/out/vs/workbench/workbench.desktop.main.js:3103:7152)
    at processTicksAndRejections (node:internal/process/task_queues:96:5)
    at async Fl._scanAndHandleExtensions (vscode-file://vscode-app/usr/share/code/resources/app/out/vs/workbench/workbench.desktop.main.js:3103:9159)
    at async Fl._initialize (vscode-file://vscode-app/usr/share/code/resources/app/out/vs/workbench/workbench.desktop.main.js:3100:22392)
[2022-04-28 02:21:21.505] [renderer3] [error] An unknown error occurred. Please consult the log for more details.: Error
    at Fl._resolveAuthority (vscode-file://vscode-app/usr/share/code/resources/app/out/vs/workbench/workbench.desktop.main.js:3103:7152)
    at processTicksAndRejections (node:internal/process/task_queues:96:5)
    at async Fl._scanAndHandleExtensions (vscode-file://vscode-app/usr/share/code/resources/app/out/vs/workbench/workbench.desktop.main.js:3103:9159)
    at async Fl._initialize (vscode-file://vscode-app/usr/share/code/resources/app/out/vs/workbench/workbench.desktop.main.js:3100:22392)
