[2022-04-28 01:12:34.320] [sharedprocess] [info] Starting worker process with pid 6543 (type: fileWatcher, window: 1).
[2022-04-28 01:13:20.001] [sharedprocess] [info] Getting Manifest... zhuangtongfa.material-theme
[2022-04-28 01:13:20.009] [sharedprocess] [info] Installing extension: zhuangtongfa.material-theme
[2022-04-28 01:13:21.980] [sharedprocess] [info] Downloaded extension: zhuangtongfa.material-theme /var/home/iaacornus/.config/Code/CachedExtensionVSIXs/zhuangtongfa.material-theme-3.13.24
[2022-04-28 01:13:22.156] [sharedprocess] [info] Extracted extension to /var/home/iaacornus/.vscode/extensions/.a8ecc677-8a7f-4797-ae2a-6df680e2b11c: zhuangtongfa.material-theme
[2022-04-28 01:13:22.161] [sharedprocess] [info] Renamed to /var/home/iaacornus/.vscode/extensions/zhuangtongfa.material-theme-3.13.24
[2022-04-28 01:13:22.165] [sharedprocess] [info] Extracting completed. zhuangtongfa.material-theme
[2022-04-28 01:13:22.169] [sharedprocess] [info] Extension installed successfully: zhuangtongfa.material-theme
[2022-04-28 01:13:46.391] [sharedprocess] [info] Getting Manifest... pkief.material-icon-theme
[2022-04-28 01:13:46.394] [sharedprocess] [info] Installing extension: pkief.material-icon-theme
[2022-04-28 01:13:48.151] [sharedprocess] [info] Downloaded extension: pkief.material-icon-theme /var/home/iaacornus/.config/Code/CachedExtensionVSIXs/pkief.material-icon-theme-4.16.0
[2022-04-28 01:13:48.711] [sharedprocess] [info] Extracted extension to /var/home/iaacornus/.vscode/extensions/.7608f5cd-a795-4117-b6e6-042cdb0ce6a0: pkief.material-icon-theme
[2022-04-28 01:13:48.720] [sharedprocess] [info] Renamed to /var/home/iaacornus/.vscode/extensions/pkief.material-icon-theme-4.16.0
[2022-04-28 01:13:48.721] [sharedprocess] [info] Extracting completed. pkief.material-icon-theme
[2022-04-28 01:13:48.722] [sharedprocess] [info] Extension installed successfully: pkief.material-icon-theme
[2022-04-28 01:13:58.248] [sharedprocess] [info] Getting Manifest... miguelsolorio.fluent-icons
[2022-04-28 01:13:58.256] [sharedprocess] [info] Installing extension: miguelsolorio.fluent-icons
[2022-04-28 01:13:59.993] [sharedprocess] [info] Downloaded extension: miguelsolorio.fluent-icons /var/home/iaacornus/.config/Code/CachedExtensionVSIXs/miguelsolorio.fluent-icons-0.0.17
[2022-04-28 01:14:00.086] [sharedprocess] [info] Extracted extension to /var/home/iaacornus/.vscode/extensions/.a0943b6a-d261-438f-9e04-808558f089a2: miguelsolorio.fluent-icons
[2022-04-28 01:14:00.091] [sharedprocess] [info] Renamed to /var/home/iaacornus/.vscode/extensions/miguelsolorio.fluent-icons-0.0.17
[2022-04-28 01:14:00.092] [sharedprocess] [info] Extracting completed. miguelsolorio.fluent-icons
[2022-04-28 01:14:00.094] [sharedprocess] [info] Extension installed successfully: miguelsolorio.fluent-icons
[2022-04-28 01:14:10.762] [sharedprocess] [info] Getting Manifest... ms-python.python
[2022-04-28 01:14:10.776] [sharedprocess] [info] Installing extension: ms-python.python
[2022-04-28 01:14:11.642] [sharedprocess] [info] Getting Manifest... ms-toolsai.jupyter
[2022-04-28 01:14:12.778] [sharedprocess] [info] Getting Manifest... ms-toolsai.jupyter-keymap
[2022-04-28 01:14:13.640] [sharedprocess] [info] Getting Manifest... ms-toolsai.jupyter-renderers
[2022-04-28 01:14:14.472] [sharedprocess] [info] Getting Manifest... ms-python.vscode-pylance
[2022-04-28 01:14:15.358] [sharedprocess] [info] Installing extension: ms-toolsai.jupyter
[2022-04-28 01:14:15.359] [sharedprocess] [info] Installing extension: ms-toolsai.jupyter-keymap
[2022-04-28 01:14:15.359] [sharedprocess] [info] Installing extension: ms-toolsai.jupyter-renderers
[2022-04-28 01:14:15.359] [sharedprocess] [info] Installing extension: ms-python.vscode-pylance
[2022-04-28 01:14:18.351] [sharedprocess] [info] Downloaded extension: ms-toolsai.jupyter-keymap /var/home/iaacornus/.config/Code/CachedExtensionVSIXs/ms-toolsai.jupyter-keymap-1.0.0
[2022-04-28 01:14:18.388] [sharedprocess] [info] Extracted extension to /var/home/iaacornus/.vscode/extensions/.2578145e-d581-4077-b1cb-2100f6ab23c9: ms-toolsai.jupyter-keymap
[2022-04-28 01:14:18.400] [sharedprocess] [info] Renamed to /var/home/iaacornus/.vscode/extensions/ms-toolsai.jupyter-keymap-1.0.0
[2022-04-28 01:14:18.418] [sharedprocess] [info] Extracting completed. ms-toolsai.jupyter-keymap
[2022-04-28 01:14:19.273] [sharedprocess] [info] Downloaded extension: ms-toolsai.jupyter /var/home/iaacornus/.config/Code/CachedExtensionVSIXs/ms-toolsai.jupyter-2022.3.1000901801
[2022-04-28 01:14:19.277] [sharedprocess] [info] Downloaded extension: ms-toolsai.jupyter-renderers /var/home/iaacornus/.config/Code/CachedExtensionVSIXs/ms-toolsai.jupyter-renderers-1.0.6
[2022-04-28 01:14:19.432] [sharedprocess] [info] Getting Manifest... kevinrose.vsc-python-indent
[2022-04-28 01:14:19.440] [sharedprocess] [info] Installing extension: kevinrose.vsc-python-indent
[2022-04-28 01:14:19.956] [sharedprocess] [info] Extracted extension to /var/home/iaacornus/.vscode/extensions/.55ba51ae-3f1c-4397-a530-d3996a1596ae: ms-toolsai.jupyter-renderers
[2022-04-28 01:14:19.965] [sharedprocess] [info] Renamed to /var/home/iaacornus/.vscode/extensions/ms-toolsai.jupyter-renderers-1.0.6
[2022-04-28 01:14:19.968] [sharedprocess] [info] Extracting completed. ms-toolsai.jupyter-renderers
[2022-04-28 01:14:20.243] [sharedprocess] [info] Downloaded extension: ms-python.python /var/home/iaacornus/.config/Code/CachedExtensionVSIXs/ms-python.python-2022.4.1
[2022-04-28 01:14:20.801] [sharedprocess] [info] Extracted extension to /var/home/iaacornus/.vscode/extensions/.ecf86216-877d-4522-8b07-5eda9b8c87ce: ms-toolsai.jupyter
[2022-04-28 01:14:20.818] [sharedprocess] [info] Renamed to /var/home/iaacornus/.vscode/extensions/ms-toolsai.jupyter-2022.3.1000901801
[2022-04-28 01:14:20.821] [sharedprocess] [info] Extracting completed. ms-toolsai.jupyter
[2022-04-28 01:14:21.573] [sharedprocess] [info] Getting Manifest... dongli.python-preview
[2022-04-28 01:14:21.581] [sharedprocess] [info] Installing extension: dongli.python-preview
[2022-04-28 01:14:21.587] [sharedprocess] [info] Downloaded extension: kevinrose.vsc-python-indent /var/home/iaacornus/.config/Code/CachedExtensionVSIXs/kevinrose.vsc-python-indent-1.15.0
[2022-04-28 01:14:21.801] [sharedprocess] [info] Extracted extension to /var/home/iaacornus/.vscode/extensions/.d0d38cc8-6d7f-481f-9313-05c08fa6911b: kevinrose.vsc-python-indent
[2022-04-28 01:14:21.805] [sharedprocess] [info] Renamed to /var/home/iaacornus/.vscode/extensions/kevinrose.vsc-python-indent-1.15.0
[2022-04-28 01:14:21.806] [sharedprocess] [info] Extracting completed. kevinrose.vsc-python-indent
[2022-04-28 01:14:21.807] [sharedprocess] [info] Extension installed successfully: kevinrose.vsc-python-indent
[2022-04-28 01:14:23.040] [sharedprocess] [info] Extracted extension to /var/home/iaacornus/.vscode/extensions/.704eba78-7f8e-4034-b96a-b1dacd8c6afe: ms-python.python
[2022-04-28 01:14:23.054] [sharedprocess] [info] Renamed to /var/home/iaacornus/.vscode/extensions/ms-python.python-2022.4.1
[2022-04-28 01:14:23.056] [sharedprocess] [info] Extracting completed. ms-python.python
[2022-04-28 01:14:23.372] [sharedprocess] [info] Downloaded extension: dongli.python-preview /var/home/iaacornus/.config/Code/CachedExtensionVSIXs/dongli.python-preview-0.0.4
[2022-04-28 01:14:23.688] [sharedprocess] [info] Extracted extension to /var/home/iaacornus/.vscode/extensions/.3e2836c7-0dbd-41c9-8068-e1aae028677c: dongli.python-preview
[2022-04-28 01:14:23.716] [sharedprocess] [info] Renamed to /var/home/iaacornus/.vscode/extensions/dongli.python-preview-0.0.4
[2022-04-28 01:14:23.719] [sharedprocess] [info] Extracting completed. dongli.python-preview
[2022-04-28 01:14:23.722] [sharedprocess] [info] Extension installed successfully: dongli.python-preview
[2022-04-28 01:14:26.402] [sharedprocess] [info] Downloaded extension: ms-python.vscode-pylance /var/home/iaacornus/.config/Code/CachedExtensionVSIXs/ms-python.vscode-pylance-2022.4.2
[2022-04-28 01:14:30.029] [sharedprocess] [info] Extracted extension to /var/home/iaacornus/.vscode/extensions/.00972f32-974b-47ef-934a-081c897bc24c: ms-python.vscode-pylance
[2022-04-28 01:14:30.034] [sharedprocess] [info] Renamed to /var/home/iaacornus/.vscode/extensions/ms-python.vscode-pylance-2022.4.2
[2022-04-28 01:14:30.037] [sharedprocess] [info] Extracting completed. ms-python.vscode-pylance
[2022-04-28 01:14:30.047] [sharedprocess] [info] Extension installed successfully: ms-toolsai.jupyter-keymap
[2022-04-28 01:14:30.047] [sharedprocess] [info] Extension installed successfully: ms-toolsai.jupyter-renderers
[2022-04-28 01:14:30.047] [sharedprocess] [info] Extension installed successfully: ms-toolsai.jupyter
[2022-04-28 01:14:30.048] [sharedprocess] [info] Extension installed successfully: ms-python.python
[2022-04-28 01:14:30.048] [sharedprocess] [info] Extension installed successfully: ms-python.vscode-pylance
[2022-04-28 01:14:33.693] [sharedprocess] [info] Getting Manifest... aaron-bond.better-comments
[2022-04-28 01:14:33.697] [sharedprocess] [info] Installing extension: aaron-bond.better-comments
[2022-04-28 01:14:35.476] [sharedprocess] [info] Downloaded extension: aaron-bond.better-comments /var/home/iaacornus/.config/Code/CachedExtensionVSIXs/aaron-bond.better-comments-3.0.0
[2022-04-28 01:14:35.499] [sharedprocess] [info] Extracted extension to /var/home/iaacornus/.vscode/extensions/.f77c407c-beb9-4e88-ad1e-b1cc19049191: aaron-bond.better-comments
[2022-04-28 01:14:35.504] [sharedprocess] [info] Renamed to /var/home/iaacornus/.vscode/extensions/aaron-bond.better-comments-3.0.0
[2022-04-28 01:14:35.505] [sharedprocess] [info] Extracting completed. aaron-bond.better-comments
[2022-04-28 01:14:35.505] [sharedprocess] [info] Extension installed successfully: aaron-bond.better-comments
[2022-04-28 01:14:38.545] [sharedprocess] [info] Getting Manifest... jeff-hykin.better-cpp-syntax
[2022-04-28 01:14:38.559] [sharedprocess] [info] Installing extension: jeff-hykin.better-cpp-syntax
[2022-04-28 01:14:40.404] [sharedprocess] [info] Downloaded extension: jeff-hykin.better-cpp-syntax /var/home/iaacornus/.config/Code/CachedExtensionVSIXs/jeff-hykin.better-cpp-syntax-1.15.13
[2022-04-28 01:14:40.419] [sharedprocess] [info] Extracted extension to /var/home/iaacornus/.vscode/extensions/.4fc80028-25f8-4bfd-8b39-261f2952c5d7: jeff-hykin.better-cpp-syntax
[2022-04-28 01:14:40.423] [sharedprocess] [info] Renamed to /var/home/iaacornus/.vscode/extensions/jeff-hykin.better-cpp-syntax-1.15.13
[2022-04-28 01:14:40.424] [sharedprocess] [info] Extracting completed. jeff-hykin.better-cpp-syntax
[2022-04-28 01:14:40.425] [sharedprocess] [info] Extension installed successfully: jeff-hykin.better-cpp-syntax
[2022-04-28 01:16:21.356] [sharedprocess] [info] Getting Manifest... ms-vscode-remote.remote-ssh
[2022-04-28 01:16:21.365] [sharedprocess] [info] Installing extension: ms-vscode-remote.remote-ssh
[2022-04-28 01:16:21.814] [sharedprocess] [info] Getting Manifest... ms-vscode-remote.remote-ssh-edit
[2022-04-28 01:16:22.741] [sharedprocess] [info] Installing extension: ms-vscode-remote.remote-ssh-edit
[2022-04-28 01:16:24.432] [sharedprocess] [info] Downloaded extension: ms-vscode-remote.remote-ssh-edit /var/home/iaacornus/.config/Code/CachedExtensionVSIXs/ms-vscode-remote.remote-ssh-edit-0.80.0
[2022-04-28 01:16:24.448] [sharedprocess] [info] Extracted extension to /var/home/iaacornus/.vscode/extensions/.00258d71-fa9c-4bfa-a1ff-79a04ed28086: ms-vscode-remote.remote-ssh-edit
[2022-04-28 01:16:24.456] [sharedprocess] [info] Renamed to /var/home/iaacornus/.vscode/extensions/ms-vscode-remote.remote-ssh-edit-0.80.0
[2022-04-28 01:16:24.460] [sharedprocess] [info] Extracting completed. ms-vscode-remote.remote-ssh-edit
[2022-04-28 01:16:26.082] [sharedprocess] [info] Downloaded extension: ms-vscode-remote.remote-ssh /var/home/iaacornus/.config/Code/CachedExtensionVSIXs/ms-vscode-remote.remote-ssh-0.78.0
[2022-04-28 01:16:26.192] [sharedprocess] [info] Extracted extension to /var/home/iaacornus/.vscode/extensions/.91121f64-40e5-47c4-ae76-08ead1e8a737: ms-vscode-remote.remote-ssh
[2022-04-28 01:16:26.197] [sharedprocess] [info] Renamed to /var/home/iaacornus/.vscode/extensions/ms-vscode-remote.remote-ssh-0.78.0
[2022-04-28 01:16:26.199] [sharedprocess] [info] Extracting completed. ms-vscode-remote.remote-ssh
[2022-04-28 01:16:26.204] [sharedprocess] [info] Extension installed successfully: ms-vscode-remote.remote-ssh-edit
[2022-04-28 01:16:26.205] [sharedprocess] [info] Extension installed successfully: ms-vscode-remote.remote-ssh
[2022-04-28 01:16:41.427] [sharedprocess] [info] Getting Manifest... streetsidesoftware.code-spell-checker
[2022-04-28 01:16:41.438] [sharedprocess] [info] Installing extension: streetsidesoftware.code-spell-checker
[2022-04-28 01:16:43.332] [sharedprocess] [info] Downloaded extension: streetsidesoftware.code-spell-checker /var/home/iaacornus/.config/Code/CachedExtensionVSIXs/streetsidesoftware.code-spell-checker-2.1.11
[2022-04-28 01:16:43.619] [sharedprocess] [info] Extracted extension to /var/home/iaacornus/.vscode/extensions/.eebe5699-7089-4bec-9361-6c4b566568f3: streetsidesoftware.code-spell-checker
[2022-04-28 01:16:43.627] [sharedprocess] [info] Renamed to /var/home/iaacornus/.vscode/extensions/streetsidesoftware.code-spell-checker-2.1.11
[2022-04-28 01:16:43.631] [sharedprocess] [info] Extracting completed. streetsidesoftware.code-spell-checker
[2022-04-28 01:16:43.634] [sharedprocess] [info] Extension installed successfully: streetsidesoftware.code-spell-checker
