[2022-05-02T16:25:15.458Z] Validating found git in: git
[2022-05-02T16:25:15.488Z] Using git 2.35.1 from git
[2022-05-02T16:25:15.532Z] > git rev-parse --git-dir [3ms]
[2022-05-02T16:25:15.537Z] Open repository: /var/home/iaacornus/Storage/workstation_setup
[2022-05-02T16:25:15.788Z] > git symbolic-ref --short HEAD [4ms]
[2022-05-02T16:25:15.799Z] > git for-each-ref --format=%(refname)%00%(upstream:short)%00%(objectname)%00%(upstream:track) refs/heads/main refs/remotes/main [6ms]
[2022-05-02T16:25:15.813Z] > git for-each-ref --sort -committerdate --format %(refname) %(objectname) %(*objectname) [9ms]
[2022-05-02T16:25:15.814Z] > git remote --verbose [5ms]
[2022-05-02T16:25:15.825Z] > git config --get commit.template [3ms]
[2022-05-02T16:25:40.981Z] > git symbolic-ref --short HEAD [2ms]
[2022-05-02T16:25:40.988Z] > git for-each-ref --format=%(refname)%00%(upstream:short)%00%(objectname)%00%(upstream:track) refs/heads/main refs/remotes/main [2ms]
[2022-05-02T16:25:40.998Z] > git for-each-ref --sort -committerdate --format %(refname) %(objectname) %(*objectname) [5ms]
[2022-05-02T16:25:40.999Z] > git remote --verbose [1ms]
[2022-05-02T16:25:41.009Z] > git config --get commit.template [2ms]
[2022-05-02T16:25:43.320Z] > git ls-files --stage -- /var/home/iaacornus/Storage/workstation_setup/main_ws/sys/.bashrc [1ms]
[2022-05-02T16:25:43.412Z] > git cat-file -s 7f14cf56c81077b1f9b3f53c93388e6275acd97c [86ms]
[2022-05-02T16:33:28.251Z] > git symbolic-ref --short HEAD [1ms]
[2022-05-02T16:33:28.259Z] > git for-each-ref --format=%(refname)%00%(upstream:short)%00%(objectname)%00%(upstream:track) refs/heads/main refs/remotes/main [1ms]
[2022-05-02T16:33:28.274Z] > git for-each-ref --sort -committerdate --format %(refname) %(objectname) %(*objectname) [7ms]
[2022-05-02T16:33:28.275Z] > git remote --verbose [2ms]
[2022-05-02T16:33:28.285Z] > git config --get commit.template [1ms]
[2022-05-02T16:33:33.320Z] > git symbolic-ref --short HEAD [2ms]
[2022-05-02T16:33:33.335Z] > git for-each-ref --format=%(refname)%00%(upstream:short)%00%(objectname)%00%(upstream:track) refs/heads/main refs/remotes/main [3ms]
[2022-05-02T16:33:33.358Z] > git for-each-ref --sort -committerdate --format %(refname) %(objectname) %(*objectname) [12ms]
[2022-05-02T16:33:33.359Z] > git remote --verbose [2ms]
[2022-05-02T16:33:33.371Z] > git config --get commit.template [3ms]
[2022-05-02T16:35:07.720Z] > git symbolic-ref --short HEAD [5ms]
[2022-05-02T16:35:07.736Z] > git for-each-ref --format=%(refname)%00%(upstream:short)%00%(objectname)%00%(upstream:track) refs/heads/main refs/remotes/main [1ms]
[2022-05-02T16:35:07.755Z] > git for-each-ref --sort -committerdate --format %(refname) %(objectname) %(*objectname) [9ms]
[2022-05-02T16:35:07.755Z] > git remote --verbose [1ms]
[2022-05-02T16:35:07.765Z] > git config --get commit.template [2ms]
[2022-05-02T16:35:15.743Z] > git symbolic-ref --short HEAD [2ms]
[2022-05-02T16:35:15.750Z] > git for-each-ref --format=%(refname)%00%(upstream:short)%00%(objectname)%00%(upstream:track) refs/heads/main refs/remotes/main [1ms]
[2022-05-02T16:35:15.762Z] > git for-each-ref --sort -committerdate --format %(refname) %(objectname) %(*objectname) [7ms]
[2022-05-02T16:35:15.763Z] > git remote --verbose [1ms]
[2022-05-02T16:35:15.770Z] > git config --get commit.template [1ms]
[2022-05-02T16:35:40.687Z] > git symbolic-ref --short HEAD [4ms]
[2022-05-02T16:35:40.707Z] > git for-each-ref --format=%(refname)%00%(upstream:short)%00%(objectname)%00%(upstream:track) refs/heads/main refs/remotes/main [4ms]
[2022-05-02T16:35:40.727Z] > git for-each-ref --sort -committerdate --format %(refname) %(objectname) %(*objectname) [9ms]
[2022-05-02T16:35:40.727Z] > git remote --verbose [1ms]
[2022-05-02T16:35:40.737Z] > git config --get commit.template [1ms]
[2022-05-02T16:36:34.503Z] > git symbolic-ref --short HEAD [1ms]
[2022-05-02T16:36:34.511Z] > git for-each-ref --format=%(refname)%00%(upstream:short)%00%(objectname)%00%(upstream:track) refs/heads/main refs/remotes/main [2ms]
[2022-05-02T16:36:34.522Z] > git for-each-ref --sort -committerdate --format %(refname) %(objectname) %(*objectname) [5ms]
[2022-05-02T16:36:34.523Z] > git remote --verbose [1ms]
[2022-05-02T16:36:34.534Z] > git config --get commit.template [1ms]
[2022-05-02T16:37:44.498Z] > git symbolic-ref --short HEAD [9ms]
[2022-05-02T16:37:44.504Z] > git ls-files --stage -- /var/home/iaacornus/Storage/workstation_setup/main_ws/sys/.bashrc [6ms]
[2022-05-02T16:37:44.511Z] > git for-each-ref --format=%(refname)%00%(upstream:short)%00%(objectname)%00%(upstream:track) refs/heads/main refs/remotes/main [8ms]
[2022-05-02T16:37:44.525Z] > git for-each-ref --sort -committerdate --format %(refname) %(objectname) %(*objectname) [8ms]
[2022-05-02T16:37:44.525Z] > git cat-file -s 45f30591bb4b8dee6f42f75232c7502fabe3a79d [15ms]
[2022-05-02T16:37:44.526Z] > git remote --verbose [2ms]
[2022-05-02T16:37:44.541Z] > git config --get commit.template [7ms]
[2022-05-02T16:37:49.577Z] > git symbolic-ref --short HEAD [1ms]
[2022-05-02T16:37:49.583Z] > git for-each-ref --format=%(refname)%00%(upstream:short)%00%(objectname)%00%(upstream:track) refs/heads/main refs/remotes/main [1ms]
[2022-05-02T16:37:49.594Z] > git for-each-ref --sort -committerdate --format %(refname) %(objectname) %(*objectname) [6ms]
[2022-05-02T16:37:49.594Z] > git remote --verbose [1ms]
[2022-05-02T16:37:49.601Z] > git config --get commit.template [1ms]
