[2022-05-02 23:53:02.183] [main] [info] window#load: attempt to load window (id: 1)
[2022-05-02 23:53:02.195] [main] [info] update#setState idle
[2022-05-02 23:53:02.303] [main] [info] ExtensionHostStarterWorker created
[2022-05-02 23:53:03.323] [main] [info] window#load: window reported ready (id: 1)
[2022-05-02 23:53:03.591] [main] [info] Starting extension host with pid 40572 (fork() took 10 ms).
[2022-05-02 23:53:03.592] [main] [info] ExtensionHostStarterWorker.start() took 12 ms.
[2022-05-02 23:53:32.197] [main] [info] update#setState checking for updates
[2022-05-02 23:53:32.250] [main] [info] update#setState idle
[2022-05-02 23:57:27.103] [main] [info] window#load: attempt to load window (id: 1)
[2022-05-02 23:57:27.145] [main] [info] Extension host with pid 40572 exited with code: 0, signal: null.
[2022-05-02 23:57:27.850] [main] [info] window#load: window reported ready (id: 1)
[2022-05-02 23:57:28.094] [main] [info] Starting extension host with pid 41194 (fork() took 13 ms).
[2022-05-02 23:57:28.095] [main] [info] ExtensionHostStarterWorker.start() took 14 ms.
[2022-05-03 00:12:06.782] [main] [info] window#load: attempt to load window (id: 1)
[2022-05-03 00:12:06.873] [main] [info] Extension host with pid 41194 exited with code: 0, signal: null.
[2022-05-03 00:12:07.729] [main] [info] window#load: window reported ready (id: 1)
[2022-05-03 00:12:07.911] [main] [info] Starting extension host with pid 46819 (fork() took 28 ms).
[2022-05-03 00:12:07.912] [main] [info] ExtensionHostStarterWorker.start() took 31 ms.
[2022-05-03 00:20:19.146] [main] [info] Waiting for extension host with pid 46819 to exit.
[2022-05-03 00:20:19.205] [main] [info] Extension host with pid 46819 exited with code: 0, signal: null.
