[02:21:31.692] Log Level: 2
[02:21:31.693] remote-ssh@0.78.0
[02:21:31.693] linux x64
[02:21:31.694] SSH Resolver called for "ssh-remote+cdna-delivers-dans-shape.trycloudflare.com", attempt 1
[02:21:31.694] "remote.SSH.useLocalServer": true
[02:21:31.694] "remote.SSH.path": undefined
[02:21:31.695] "remote.SSH.configFile": undefined
[02:21:31.695] "remote.SSH.useFlock": true
[02:21:31.695] "remote.SSH.lockfilesInTmp": false
[02:21:31.695] "remote.SSH.localServerDownload": auto
[02:21:31.695] "remote.SSH.remoteServerListenOnSocket": false
[02:21:31.695] "remote.SSH.showLoginTerminal": false
[02:21:31.695] "remote.SSH.defaultExtensions": []
[02:21:31.695] "remote.SSH.loglevel": 2
[02:21:31.696] "remote.SSH.enableDynamicForwarding": true
[02:21:31.696] "remote.SSH.enableRemoteCommand": false
[02:21:31.696] "remote.SSH.serverPickPortsFromRange": {}
[02:21:31.696] "remote.SSH.serverInstallPath": {}
[02:21:31.703] SSH Resolver called for host: cdna-delivers-dans-shape.trycloudflare.com
[02:21:31.704] Setting up SSH remote "cdna-delivers-dans-shape.trycloudflare.com"
[02:21:31.708] Acquiring local install lock: /tmp/vscode-remote-ssh-e610d260-install.lock
[02:21:31.714] Looking for existing server data file at /var/home/iaacornus/.config/Code/User/globalStorage/ms-vscode-remote.remote-ssh/vscode-ssh-host-e610d260-dfd34e8260c270da74b5c2d86d61aee4b6d56977-0.78.0/data.json
[02:21:31.715] Using commit id "dfd34e8260c270da74b5c2d86d61aee4b6d56977" and quality "stable" for server
[02:21:31.720] Install and start server if needed
[02:21:31.724] PATH: /usr/local/sbin:/usr/local/bin:/usr/sbin:/usr/bin:/sbin:/bin
[02:21:31.724] Checking ssh with "ssh -V"
[02:21:31.731] > OpenSSH_8.7p1, OpenSSL 1.1.1n  FIPS 15 Mar 2022

[02:21:31.735] askpass server listening on /run/user/1000/vscode-ssh-askpass-3671604bcc2bca64aedc173dfb54ed0d39d01fc8.sock
[02:21:31.735] Spawning local server with {"serverId":1,"ipcHandlePath":"/run/user/1000/vscode-ssh-askpass-ea45515e61d21e6488ad7435b7b9d9e57116ac53.sock","sshCommand":"ssh","sshArgs":["-v","-T","-D","43759","-o","ConnectTimeout=15","cdna-delivers-dans-shape.trycloudflare.com"],"serverDataFolderName":".vscode-server","dataFilePath":"/var/home/iaacornus/.config/Code/User/globalStorage/ms-vscode-remote.remote-ssh/vscode-ssh-host-e610d260-dfd34e8260c270da74b5c2d86d61aee4b6d56977-0.78.0/data.json"}
[02:21:31.735] Local server env: {"SSH_AUTH_SOCK":"/run/user/1000/keyring/ssh","SHELL":"/bin/bash","DISPLAY":":0","ELECTRON_RUN_AS_NODE":"1","SSH_ASKPASS":"/var/home/iaacornus/.vscode/extensions/ms-vscode-remote.remote-ssh-0.78.0/out/local-server/askpass.sh","VSCODE_SSH_ASKPASS_NODE":"/usr/share/code/code","VSCODE_SSH_ASKPASS_EXTRA_ARGS":"--ms-enable-electron-run-as-node","VSCODE_SSH_ASKPASS_MAIN":"/var/home/iaacornus/.vscode/extensions/ms-vscode-remote.remote-ssh-0.78.0/out/askpass-main.js","VSCODE_SSH_ASKPASS_HANDLE":"/run/user/1000/vscode-ssh-askpass-3671604bcc2bca64aedc173dfb54ed0d39d01fc8.sock"}
[02:21:31.740] Spawned 21063
[02:21:31.845] > local-server-1> Spawned ssh, pid=21071
[02:21:31.848] stderr> OpenSSH_8.7p1, OpenSSL 1.1.1n  FIPS 15 Mar 2022
[02:21:31.848] stderr> Bad owner or permissions on /var/home/iaacornus/.ssh/config
[02:21:31.848] > local-server-1> ssh child died, shutting down
[02:21:31.851] Local server exit: 0
[02:21:31.851] Received install output: local-server-1> Spawned ssh, pid=21071
OpenSSH_8.7p1, OpenSSL 1.1.1n  FIPS 15 Mar 2022
Bad owner or permissions on /var/home/iaacornus/.ssh/config
local-server-1> ssh child died, shutting down

[02:21:31.853] Failed to parse remote port from server output
[02:21:31.856] Resolver error: Error: 
	at Function.Create (/var/home/iaacornus/.vscode/extensions/ms-vscode-remote.remote-ssh-0.78.0/out/extension.js:1:586041)
	at Object.t.handleInstallOutput (/var/home/iaacornus/.vscode/extensions/ms-vscode-remote.remote-ssh-0.78.0/out/extension.js:1:584693)
	at Object.e [as tryInstallWithLocalServer] (/var/home/iaacornus/.vscode/extensions/ms-vscode-remote.remote-ssh-0.78.0/out/extension.js:1:625125)
	at processTicksAndRejections (node:internal/process/task_queues:96:5)
	at async /var/home/iaacornus/.vscode/extensions/ms-vscode-remote.remote-ssh-0.78.0/out/extension.js:1:644162
	at async Object.t.withShowDetailsEvent (/var/home/iaacornus/.vscode/extensions/ms-vscode-remote.remote-ssh-0.78.0/out/extension.js:1:647909)
	at async /var/home/iaacornus/.vscode/extensions/ms-vscode-remote.remote-ssh-0.78.0/out/extension.js:1:623597
	at async b (/var/home/iaacornus/.vscode/extensions/ms-vscode-remote.remote-ssh-0.78.0/out/extension.js:1:620103)
	at async Object.t.resolveWithLocalServer (/var/home/iaacornus/.vscode/extensions/ms-vscode-remote.remote-ssh-0.78.0/out/extension.js:1:623212)
	at async Object.t.resolve (/var/home/iaacornus/.vscode/extensions/ms-vscode-remote.remote-ssh-0.78.0/out/extension.js:1:645519)
	at async /var/home/iaacornus/.vscode/extensions/ms-vscode-remote.remote-ssh-0.78.0/out/extension.js:1:722950
[02:21:31.859] ------




