Visual Studio Code (1.66.2, undefined, desktop)
Jupyter Extension Version: 2022.3.1000901801.
Python Extension Version: 2022.4.1.
Workspace folder ~/Documents/project_code_base/project_repo
Info 00:20:26: ZMQ install verified.
User belongs to experiment group 'jupyterTestcf'
User belongs to experiment group 'jupyterEnhancedDataViewer'
Info 00:20:26: Experiment status for python is {"enabled":true,"optInto":[],"optOutFrom":[]}
Info 00:20:26: Getting activation commands for /bin/python are not cached. May take a while.
Info 00:20:27: Process Execution: > /bin/python -m pip list
> /bin/python -m pip list
Info 00:20:27: Process Execution: > /bin/python -c "import pip"
> /bin/python -c "import pip"
Info 00:25:11: Shutting down notebooks for c82568d7-3b37-4a8d-ba90-fe9d7095953d
Info 00:25:11: Disposing HostJupyterExecution f2b4cd3c-0660-4c79-9673-094b11cb1c76
Info 00:25:11: Disposing super HostJupyterExecution f2b4cd3c-0660-4c79-9673-094b11cb1c76
Info 00:25:11: Disposing HostJupyterExecution f2b4cd3c-0660-4c79-9673-094b11cb1c76
Info 00:25:11: Finished disposing HostJupyterExecution  f2b4cd3c-0660-4c79-9673-094b11cb1c76
Info 00:25:11: Cleaning up server cache f2b4cd3c-0660-4c79-9673-094b11cb1c76
Info 00:25:11: Finished disposing HostJupyterExecution  f2b4cd3c-0660-4c79-9673-094b11cb1c76
