[02:20:13.375] Log Level: 2
[02:20:13.376] remote-ssh@0.78.0
[02:20:13.376] linux x64
[02:20:13.377] SSH Resolver called for "ssh-remote+cdna-delivers-dans-shape.trycloudflare.com", attempt 1
[02:20:13.378] "remote.SSH.useLocalServer": true
[02:20:13.378] "remote.SSH.path": undefined
[02:20:13.378] "remote.SSH.configFile": undefined
[02:20:13.378] "remote.SSH.useFlock": true
[02:20:13.378] "remote.SSH.lockfilesInTmp": false
[02:20:13.379] "remote.SSH.localServerDownload": auto
[02:20:13.379] "remote.SSH.remoteServerListenOnSocket": false
[02:20:13.379] "remote.SSH.showLoginTerminal": false
[02:20:13.379] "remote.SSH.defaultExtensions": []
[02:20:13.379] "remote.SSH.loglevel": 2
[02:20:13.379] "remote.SSH.enableDynamicForwarding": true
[02:20:13.379] "remote.SSH.enableRemoteCommand": false
[02:20:13.379] "remote.SSH.serverPickPortsFromRange": {}
[02:20:13.379] "remote.SSH.serverInstallPath": {}
[02:20:13.388] SSH Resolver called for host: cdna-delivers-dans-shape.trycloudflare.com
[02:20:13.389] Setting up SSH remote "cdna-delivers-dans-shape.trycloudflare.com"
[02:20:13.393] Acquiring local install lock: /tmp/vscode-remote-ssh-e610d260-install.lock
[02:20:13.399] Looking for existing server data file at /var/home/iaacornus/.config/Code/User/globalStorage/ms-vscode-remote.remote-ssh/vscode-ssh-host-e610d260-dfd34e8260c270da74b5c2d86d61aee4b6d56977-0.78.0/data.json
[02:20:13.400] Using commit id "dfd34e8260c270da74b5c2d86d61aee4b6d56977" and quality "stable" for server
[02:20:13.403] Install and start server if needed
[02:20:13.407] PATH: /usr/local/sbin:/usr/local/bin:/usr/sbin:/usr/bin:/sbin:/bin
[02:20:13.407] Checking ssh with "ssh -V"
[02:20:13.416] > OpenSSH_8.7p1, OpenSSL 1.1.1n  FIPS 15 Mar 2022

[02:20:13.420] askpass server listening on /run/user/1000/vscode-ssh-askpass-6e4724815343b43ace4c32bbd4b54c853c327556.sock
[02:20:13.420] Spawning local server with {"serverId":1,"ipcHandlePath":"/run/user/1000/vscode-ssh-askpass-a4b622ab8f46bb7754c5a663113ce8191645377b.sock","sshCommand":"ssh","sshArgs":["-v","-T","-D","41527","-o","ConnectTimeout=15","cdna-delivers-dans-shape.trycloudflare.com"],"serverDataFolderName":".vscode-server","dataFilePath":"/var/home/iaacornus/.config/Code/User/globalStorage/ms-vscode-remote.remote-ssh/vscode-ssh-host-e610d260-dfd34e8260c270da74b5c2d86d61aee4b6d56977-0.78.0/data.json"}
[02:20:13.420] Local server env: {"SSH_AUTH_SOCK":"/run/user/1000/keyring/ssh","SHELL":"/bin/bash","DISPLAY":":0","ELECTRON_RUN_AS_NODE":"1","SSH_ASKPASS":"/var/home/iaacornus/.vscode/extensions/ms-vscode-remote.remote-ssh-0.78.0/out/local-server/askpass.sh","VSCODE_SSH_ASKPASS_NODE":"/usr/share/code/code","VSCODE_SSH_ASKPASS_EXTRA_ARGS":"--ms-enable-electron-run-as-node","VSCODE_SSH_ASKPASS_MAIN":"/var/home/iaacornus/.vscode/extensions/ms-vscode-remote.remote-ssh-0.78.0/out/askpass-main.js","VSCODE_SSH_ASKPASS_HANDLE":"/run/user/1000/vscode-ssh-askpass-6e4724815343b43ace4c32bbd4b54c853c327556.sock"}
[02:20:13.425] Spawned 20589
[02:20:13.527] > local-server-1> Spawned ssh, pid=20597
[02:20:13.530] stderr> OpenSSH_8.7p1, OpenSSL 1.1.1n  FIPS 15 Mar 2022
[02:20:13.530] stderr> Bad owner or permissions on /var/home/iaacornus/.ssh/config
[02:20:13.530] > local-server-1> ssh child died, shutting down
[02:20:13.533] Local server exit: 0
[02:20:13.533] Received install output: local-server-1> Spawned ssh, pid=20597
OpenSSH_8.7p1, OpenSSL 1.1.1n  FIPS 15 Mar 2022
Bad owner or permissions on /var/home/iaacornus/.ssh/config
local-server-1> ssh child died, shutting down

[02:20:13.534] Failed to parse remote port from server output
[02:20:13.537] Resolver error: Error: 
	at Function.Create (/var/home/iaacornus/.vscode/extensions/ms-vscode-remote.remote-ssh-0.78.0/out/extension.js:1:586041)
	at Object.t.handleInstallOutput (/var/home/iaacornus/.vscode/extensions/ms-vscode-remote.remote-ssh-0.78.0/out/extension.js:1:584693)
	at Object.e [as tryInstallWithLocalServer] (/var/home/iaacornus/.vscode/extensions/ms-vscode-remote.remote-ssh-0.78.0/out/extension.js:1:625125)
	at processTicksAndRejections (node:internal/process/task_queues:96:5)
	at async /var/home/iaacornus/.vscode/extensions/ms-vscode-remote.remote-ssh-0.78.0/out/extension.js:1:644162
	at async Object.t.withShowDetailsEvent (/var/home/iaacornus/.vscode/extensions/ms-vscode-remote.remote-ssh-0.78.0/out/extension.js:1:647909)
	at async /var/home/iaacornus/.vscode/extensions/ms-vscode-remote.remote-ssh-0.78.0/out/extension.js:1:623597
	at async b (/var/home/iaacornus/.vscode/extensions/ms-vscode-remote.remote-ssh-0.78.0/out/extension.js:1:620103)
	at async Object.t.resolveWithLocalServer (/var/home/iaacornus/.vscode/extensions/ms-vscode-remote.remote-ssh-0.78.0/out/extension.js:1:623212)
	at async Object.t.resolve (/var/home/iaacornus/.vscode/extensions/ms-vscode-remote.remote-ssh-0.78.0/out/extension.js:1:645519)
	at async /var/home/iaacornus/.vscode/extensions/ms-vscode-remote.remote-ssh-0.78.0/out/extension.js:1:722950
[02:20:13.540] ------




