[2022-04-28 02:23:24.670] [exthost] [info] Extension host with pid 21558 started
[2022-04-28 02:23:24.689] [exthost] [info] $resolveAuthority invoked for authority (ssh-remote)
[2022-04-28 02:23:24.694] [exthost] [info] ExtensionService#_doActivateExtension ms-vscode-remote.remote-ssh, startup: false, activationEvent: 'onResolveRemoteAuthority:ssh-remote'
[2022-04-28 02:23:26.152] [exthost] [info] ExtensionService#_doActivateExtension vscode.ipynb, startup: true, activationEvent: '*'
[2022-04-28 02:23:26.216] [exthost] [info] ExtensionService#_doActivateExtension vscode.microsoft-authentication, startup: false, activationEvent: 'onAuthenticationRequest:microsoft'
[2022-04-28 02:23:26.238] [exthost] [info] Eager extensions activated
[2022-04-28 02:23:26.282] [exthost] [info] ExtensionService#_doActivateExtension aaron-bond.better-comments, startup: false, activationEvent: 'onStartupFinished'
[2022-04-28 02:23:26.292] [exthost] [info] ExtensionService#_doActivateExtension PKief.material-icon-theme, startup: false, activationEvent: 'onStartupFinished'
[2022-04-28 02:23:26.308] [exthost] [info] ExtensionService#_doActivateExtension zhuangtongfa.material-theme, startup: false, activationEvent: 'onStartupFinished'
[2022-04-28 02:23:26.359] [exthost] [info] ExtensionService#_doActivateExtension vscode.github-authentication, startup: false, activationEvent: 'onAuthenticationRequest:github'
[2022-04-28 02:23:28.063] [exthost] [info] extension host terminating: renderer closed the socket
[2022-04-28 02:23:28.067] [exthost] [info] Extension host with pid 21558 exiting with code 0
[2022-04-28 02:23:29.117] [exthost] [info] Extension host with pid 21861 started
[2022-04-28 02:23:29.130] [exthost] [info] $resolveAuthority invoked for authority (ssh-remote)
[2022-04-28 02:23:29.136] [exthost] [info] ExtensionService#_doActivateExtension ms-vscode-remote.remote-ssh, startup: false, activationEvent: 'onResolveRemoteAuthority:ssh-remote'
[2022-04-28 02:23:30.544] [exthost] [info] ExtensionService#_doActivateExtension vscode.ipynb, startup: true, activationEvent: '*'
[2022-04-28 02:23:30.581] [exthost] [info] ExtensionService#_doActivateExtension vscode.microsoft-authentication, startup: false, activationEvent: 'onAuthenticationRequest:microsoft'
[2022-04-28 02:23:30.598] [exthost] [info] Eager extensions activated
[2022-04-28 02:23:30.612] [exthost] [info] ExtensionService#_doActivateExtension aaron-bond.better-comments, startup: false, activationEvent: 'onStartupFinished'
[2022-04-28 02:23:30.616] [exthost] [info] ExtensionService#_doActivateExtension PKief.material-icon-theme, startup: false, activationEvent: 'onStartupFinished'
[2022-04-28 02:23:30.626] [exthost] [info] ExtensionService#_doActivateExtension zhuangtongfa.material-theme, startup: false, activationEvent: 'onStartupFinished'
[2022-04-28 02:23:30.657] [exthost] [info] ExtensionService#_doActivateExtension vscode.github-authentication, startup: false, activationEvent: 'onAuthenticationRequest:github'
[2022-04-28 02:23:31.769] [exthost] [info] extension host terminating: renderer closed the socket
[2022-04-28 02:23:31.782] [exthost] [info] Extension host with pid 21861 exiting with code 0
