[Info] TemporaryState> Error in initialization: Unable to delete nonexistent file '/var/home/iaacornus/.config/Code/User/globalStorage/github.vscode-pull-request-github/temp'
[Info] Registering git provider
[Info] Looking for git repository
[Info] Found 1 repositories during activation
[Info] Git repository found, initializing review manager and pr tree view.
[Info] Review> Validate state in progress
[Info] Review> Validating state...
[Info] Found GitHub remote
[Info] Review> no matching pull request metadata found for current branch project_5
[Info] Review> no matching pull request metadata found on GitHub for current branch project_5
[Info] Error signing in to GitHub: Cancelled
[Info] Error signing in to GitHub: Cancelled
[Info] Error signing in to GitHub: Cancelled
[Info] Error signing in to GitHub: Cancelled
[Info] Error signing in to GitHub: Cancelled
[Info] Error signing in to GitHub: Cancelled
[Info] Error signing in to GitHub: Cancelled
[Info] Error signing in to GitHub: Cancelled
[Info] Error signing in to GitHub: Cancelled
[Info] Error signing in to GitHub: Cancelled
[Info] Error signing in to GitHub: Cancelled
[Info] Error signing in to GitHub: Cancelled
[Info] Error signing in to GitHub: Cancelled
[Info] Error signing in to GitHub: Cancelled
[Info] Error signing in to GitHub: Cancelled
[Info] Error signing in to GitHub: Cancelled
[Info] Error signing in to GitHub: Cancelled
[Info] Error signing in to GitHub: Cancelled
[Info] Error signing in to GitHub: Cancelled
