[Info  - 15:57:29.321] Reading sessions from keychain...
[Info  - 15:57:29.329] Getting sessions for user:email...
[Info  - 15:57:29.329] Getting sessions for all scopes...
[Info  - 15:57:29.330] Got 0 sessions for user:email...
[Info  - 15:57:29.330] Got 0 sessions for ...
[Info  - 15:57:29.354] Getting sessions for read:user,repo,user:email...
[Info  - 15:57:29.355] Got 0 sessions for read:user,repo,user:email...
[Info  - 16:01:10.611] Getting sessions for read:user,repo,user:email...
[Info  - 16:01:10.612] Got 0 sessions for read:user,repo,user:email...
[Info  - 16:01:14.759] Getting sessions for read:user,repo,user:email...
[Info  - 16:01:14.760] Got 0 sessions for read:user,repo,user:email...
[Info  - 16:01:16.86] Logging in for the following scopes: read:user repo user:email
[Info  - 16:02:41.388] Getting sessions for read:user,repo,user:email...
[Info  - 16:02:41.389] Got 0 sessions for read:user,repo,user:email...
[Info  - 16:02:43.11] Logging in for the following scopes: read:user repo user:email
[Info  - 16:04:11.728] Getting sessions for read:user,repo,user:email...
[Info  - 16:04:11.728] Got 0 sessions for read:user,repo,user:email...
[Info  - 16:04:13.80] Logging in for the following scopes: read:user repo user:email
[Info  - 16:06:06.404] Getting sessions for read:user,repo,user:email...
[Info  - 16:06:06.405] Got 0 sessions for read:user,repo,user:email...
[Info  - 16:06:07.650] Logging in for the following scopes: read:user repo user:email
[Info  - 16:07:45.457] Getting sessions for read:user,repo,user:email...
[Info  - 16:07:45.458] Got 0 sessions for read:user,repo,user:email...
[Info  - 16:07:46.827] Logging in for the following scopes: read:user repo user:email
[Info  - 16:09:07.22] Getting sessions for read:user,repo,user:email...
[Info  - 16:09:07.23] Got 0 sessions for read:user,repo,user:email...
[Info  - 16:09:08.692] Logging in for the following scopes: read:user repo user:email
[Info  - 16:10:11.39] Getting sessions for read:user,repo,user:email...
[Info  - 16:10:11.39] Got 0 sessions for read:user,repo,user:email...
[Info  - 16:10:12.457] Logging in for the following scopes: read:user repo user:email
