[2022-05-02T15:57:32.233Z] Validating found git in: git
[2022-05-02T15:57:32.243Z] Using git 2.35.1 from git
[2022-05-02T15:57:32.277Z] > git rev-parse --git-dir [11ms]
[2022-05-02T15:57:32.282Z] Open repository: /var/home/iaacornus/Documents/project_code_base/project_repo
[2022-05-02T15:57:32.305Z] > git symbolic-ref --short HEAD [5ms]
[2022-05-02T15:57:32.314Z] > git for-each-ref --format=%(refname)%00%(upstream:short)%00%(objectname)%00%(upstream:track) refs/heads/project_5 refs/remotes/project_5 [4ms]
[2022-05-02T15:57:32.329Z] > git remote --verbose [2ms]
[2022-05-02T15:57:32.329Z] > git for-each-ref --sort -committerdate --format %(refname) %(objectname) %(*objectname) [8ms]
[2022-05-02T15:57:32.350Z] > git config --get commit.template [10ms]
[2022-05-02T15:59:10.497Z] > git ls-tree -l HEAD -- /var/home/iaacornus/Documents/project_code_base/project_repo/LICENSE [2ms]
[2022-05-02T15:59:12.426Z] > git ls-tree -l HEAD -- /var/home/iaacornus/Documents/project_code_base/project_repo/README.md [21ms]
[2022-05-02T15:59:14.595Z] > git ls-tree -l HEAD -- /var/home/iaacornus/Documents/project_code_base/project_repo/project_5/shared_modules/dna_tool.py [4ms]
[2022-05-02T15:59:52.243Z] > git ls-files --stage -- /var/home/iaacornus/Documents/project_code_base/project_repo/.gitignore [1ms]
[2022-05-02T15:59:52.251Z] > git cat-file -s 91c10d6c931d17e0f55cb248fad32abe506f898b [1ms]
[2022-05-02T15:59:53.266Z] > git ls-files --stage -- /var/home/iaacornus/Documents/project_code_base/project_repo/LICENSE [1ms]
[2022-05-02T15:59:53.274Z] > git cat-file -s f288702d2fa16d3cdf0035b15a9fcbc552cd88e7 [1ms]
[2022-05-02T15:59:55.512Z] > git ls-files --stage -- /var/home/iaacornus/Documents/project_code_base/project_repo/project_5/shared_modules/dna_tool.py [1ms]
[2022-05-02T15:59:55.519Z] > git cat-file -s 707b040b4cafeb18d094b160a1cfd83ba9e78160 [1ms]
[2022-05-02T16:01:10.640Z] > git config --local branch.project_5.github-pr-owner-number [1ms]
[2022-05-02T16:04:05.185Z] > git log --format=%H%n%aN%n%aE%n%at%n%ct%n%P%n%B -z -n21 -- /var/home/iaacornus/Documents/project_code_base/project_repo/project_5/shared_modules/main.ipynb [3ms]
