[02:23:29.148] Log Level: 2
[02:23:29.149] remote-ssh@0.78.0
[02:23:29.149] linux x64
[02:23:29.151] SSH Resolver called for "ssh-remote+cdna-delivers-dans-shape.trycloudflare.com", attempt 1
[02:23:29.151] "remote.SSH.useLocalServer": true
[02:23:29.151] "remote.SSH.path": undefined
[02:23:29.152] "remote.SSH.configFile": undefined
[02:23:29.152] "remote.SSH.useFlock": true
[02:23:29.152] "remote.SSH.lockfilesInTmp": false
[02:23:29.152] "remote.SSH.localServerDownload": auto
[02:23:29.152] "remote.SSH.remoteServerListenOnSocket": false
[02:23:29.152] "remote.SSH.showLoginTerminal": false
[02:23:29.152] "remote.SSH.defaultExtensions": []
[02:23:29.152] "remote.SSH.loglevel": 2
[02:23:29.153] "remote.SSH.enableDynamicForwarding": true
[02:23:29.153] "remote.SSH.enableRemoteCommand": false
[02:23:29.153] "remote.SSH.serverPickPortsFromRange": {}
[02:23:29.153] "remote.SSH.serverInstallPath": {}
[02:23:29.158] SSH Resolver called for host: cdna-delivers-dans-shape.trycloudflare.com
[02:23:29.159] Setting up SSH remote "cdna-delivers-dans-shape.trycloudflare.com"
[02:23:29.162] Acquiring local install lock: /tmp/vscode-remote-ssh-e610d260-install.lock
[02:23:29.170] Looking for existing server data file at /var/home/iaacornus/.config/Code/User/globalStorage/ms-vscode-remote.remote-ssh/vscode-ssh-host-e610d260-dfd34e8260c270da74b5c2d86d61aee4b6d56977-0.78.0/data.json
[02:23:29.170] Using commit id "dfd34e8260c270da74b5c2d86d61aee4b6d56977" and quality "stable" for server
[02:23:29.173] Install and start server if needed
[02:23:29.176] PATH: /usr/local/sbin:/usr/local/bin:/usr/sbin:/usr/bin:/sbin:/bin
[02:23:29.177] Checking ssh with "ssh -V"
[02:23:29.183] > OpenSSH_8.7p1, OpenSSL 1.1.1n  FIPS 15 Mar 2022

[02:23:29.186] askpass server listening on /run/user/1000/vscode-ssh-askpass-620db2b493dfd83bb50d4563679dd7633989baca.sock
[02:23:29.186] Spawning local server with {"serverId":1,"ipcHandlePath":"/run/user/1000/vscode-ssh-askpass-5cf5f294dce2558c026b3f5a5532deeee9dbdc09.sock","sshCommand":"ssh","sshArgs":["-v","-T","-D","40597","-o","ConnectTimeout=15","cdna-delivers-dans-shape.trycloudflare.com"],"serverDataFolderName":".vscode-server","dataFilePath":"/var/home/iaacornus/.config/Code/User/globalStorage/ms-vscode-remote.remote-ssh/vscode-ssh-host-e610d260-dfd34e8260c270da74b5c2d86d61aee4b6d56977-0.78.0/data.json"}
[02:23:29.186] Local server env: {"SSH_AUTH_SOCK":"/run/user/1000/keyring/ssh","SHELL":"/bin/bash","DISPLAY":":0","ELECTRON_RUN_AS_NODE":"1","SSH_ASKPASS":"/var/home/iaacornus/.vscode/extensions/ms-vscode-remote.remote-ssh-0.78.0/out/local-server/askpass.sh","VSCODE_SSH_ASKPASS_NODE":"/usr/share/code/code","VSCODE_SSH_ASKPASS_EXTRA_ARGS":"--ms-enable-electron-run-as-node","VSCODE_SSH_ASKPASS_MAIN":"/var/home/iaacornus/.vscode/extensions/ms-vscode-remote.remote-ssh-0.78.0/out/askpass-main.js","VSCODE_SSH_ASKPASS_HANDLE":"/run/user/1000/vscode-ssh-askpass-620db2b493dfd83bb50d4563679dd7633989baca.sock"}
[02:23:29.189] Spawned 21887
[02:23:29.296] > local-server-1> Spawned ssh, pid=21896
[02:23:29.299] stderr> OpenSSH_8.7p1, OpenSSL 1.1.1n  FIPS 15 Mar 2022
[02:23:30.094] stderr> Bad packet length 218783296.
[02:23:30.094] stderr> ssh_dispatch_run_fatal: Connection to UNKNOWN port 65535: message authentication code incorrect
[02:23:30.094] > local-server-1> ssh child died, shutting down
[02:23:30.098] Local server exit: 0
[02:23:30.098] Received install output: local-server-1> Spawned ssh, pid=21896
OpenSSH_8.7p1, OpenSSL 1.1.1n  FIPS 15 Mar 2022
Bad packet length 218783296.
ssh_dispatch_run_fatal: Connection to UNKNOWN port 65535: message authentication code incorrect
local-server-1> ssh child died, shutting down

[02:23:30.099] Failed to parse remote port from server output
[02:23:30.102] Resolver error: Error: 
	at Function.Create (/var/home/iaacornus/.vscode/extensions/ms-vscode-remote.remote-ssh-0.78.0/out/extension.js:1:586041)
	at Object.t.handleInstallOutput (/var/home/iaacornus/.vscode/extensions/ms-vscode-remote.remote-ssh-0.78.0/out/extension.js:1:584693)
	at Object.e [as tryInstallWithLocalServer] (/var/home/iaacornus/.vscode/extensions/ms-vscode-remote.remote-ssh-0.78.0/out/extension.js:1:625125)
	at processTicksAndRejections (node:internal/process/task_queues:96:5)
	at async /var/home/iaacornus/.vscode/extensions/ms-vscode-remote.remote-ssh-0.78.0/out/extension.js:1:644162
	at async Object.t.withShowDetailsEvent (/var/home/iaacornus/.vscode/extensions/ms-vscode-remote.remote-ssh-0.78.0/out/extension.js:1:647909)
	at async /var/home/iaacornus/.vscode/extensions/ms-vscode-remote.remote-ssh-0.78.0/out/extension.js:1:623597
	at async b (/var/home/iaacornus/.vscode/extensions/ms-vscode-remote.remote-ssh-0.78.0/out/extension.js:1:620103)
	at async Object.t.resolveWithLocalServer (/var/home/iaacornus/.vscode/extensions/ms-vscode-remote.remote-ssh-0.78.0/out/extension.js:1:623212)
	at async Object.t.resolve (/var/home/iaacornus/.vscode/extensions/ms-vscode-remote.remote-ssh-0.78.0/out/extension.js:1:645519)
	at async /var/home/iaacornus/.vscode/extensions/ms-vscode-remote.remote-ssh-0.78.0/out/extension.js:1:722950
[02:23:30.106] ------




